<!DOCTYPE html PUBLIC "-//W3C//DTD XHTML 1.1//EN" "http://www.w3.org/TR/xhtml11/DTD/xhtml11.dtd">
<html xmlns="http://www.w3.org/1999/xhtml">
<head>
<meta http-equiv="content-type" content="text/html; charset=UTF-8"/>
<title>TestNG Report</title>
<style type="text/css">table {margin-bottom:10px;border-collapse:collapse;empty-cells:show}th,td {border:1px solid #009;padding:.25em .5em}th {vertical-align:bottom}td {vertical-align:top}table a {font-weight:bold}.stripe td {background-color: #E6EBF9}.num {text-align:right}.passedodd td {background-color: #3F3}.passedeven td {background-color: #0A0}.skippedodd td {background-color: #DDD}.skippedeven td {background-color: #CCC}.failedodd td,.attn {background-color: #F33}.failedeven td,.stripe .attn {background-color: #D00}.stacktrace {white-space:pre;font-family:monospace}.totop {font-size:85%;text-align:center;border-bottom:2px solid #000}.invisible {display:none}</style>
</head>
<body>
<table>
<tr><th>Test</th><th># Passed</th><th># Skipped</th><th># Failed</th><th>Time (ms)</th><th>Included Groups</th><th>Excluded Groups</th></tr>
<tr><th colspan="7">WordPress Automation Suite</th></tr>
<tr><td><a href="#t0">Smoke Test1</a></td><td class="num">9</td><td class="num attn">1</td><td class="num">0</td><td class="num">93,307</td><td></td><td></td></tr>
<tr class="stripe"><td><a href="#t1">Smoke Test2</a></td><td class="num">11</td><td class="num attn">6</td><td class="num attn">2</td><td class="num">36,906</td><td></td><td></td></tr>
<tr><th>Total</th><th class="num">20</th><th class="num attn">7</th><th class="num attn">2</th><th class="num">130,213</th><th colspan="2"></th></tr>
</table>
<table id='summary'><thead><tr><th>Class</th><th>Method</th><th>Start</th><th>Time (ms)</th></tr></thead><tbody><tr><th colspan="4">WordPress Automation Suite</th></tr></tbody><tbody id="t0"><tr><th colspan="4">Smoke Test1 &#8212; skipped</th></tr><tr class="skippedeven"><td rowspan="1">com.gazt.testcases.HomePageTest</td><td><a href="#m0">loginLinkClick</a></td><td rowspan="1">1543555787594</td><td rowspan="1">45867</td></tr><tr><th colspan="4">Smoke Test1 &#8212; passed</th></tr><tr class="passedeven"><td rowspan="9">com.gazt.testcases.HomePageTest</td><td><a href="#m1">featureLinkTest</a></td><td rowspan="1">1543555786765</td><td rowspan="1">471</td></tr><tr class="passedeven"><td><a href="#m2">getStartedLinkClick</a></td><td rowspan="1">1543555842581</td><td rowspan="1">6452</td></tr><tr class="passedeven"><td><a href="#m3">homePageTitleTest</a></td><td rowspan="1">1543555786471</td><td rowspan="1">20</td></tr><tr class="passedeven"><td><a href="#m4">loginLinkClick</a></td><td rowspan="1">1543555833470</td><td rowspan="1">9110</td></tr><tr class="passedeven"><td><a href="#m5">plansAndPricingTest</a></td><td rowspan="1">1543555787473</td><td rowspan="1">120</td></tr><tr class="passedeven"><td><a href="#m6">productLinkTest</a></td><td rowspan="1">1543555786664</td><td rowspan="1">100</td></tr><tr class="passedeven"><td><a href="#m7">resourcesLinkTest</a></td><td rowspan="1">1543555787238</td><td rowspan="1">234</td></tr><tr class="passedeven"><td><a href="#m8">startYourWebsiteButtonClick</a></td><td rowspan="1">1543555849035</td><td rowspan="1">3390</td></tr><tr class="passedeven"><td><a href="#m9">wordPressLogoTest</a></td><td rowspan="1">1543555786503</td><td rowspan="1">159</td></tr></tbody>
<tbody id="t1"><tr><th colspan="4">Smoke Test2 &#8212; failed</th></tr><tr class="failedeven"><td rowspan="2">com.gazt.testcases.LoginPageTest</td><td><a href="#m10">loginPageTitleTest</a></td><td rowspan="1">1543555880544</td><td rowspan="1">8</td></tr><tr class="failedeven"><td><a href="#m11">loginPageWPLogoTest</a></td><td rowspan="1">1543555882689</td><td rowspan="1">69</td></tr><tr><th colspan="4">Smoke Test2 &#8212; skipped</th></tr><tr class="skippedeven"><td rowspan="6">com.gazt.testcases.LoginPageTest</td><td><a href="#m12">loginPageTitleTest</a></td><td rowspan="3">1543555880523</td><td rowspan="3">8</td></tr><tr class="skippedeven"><td><a href="#m13">loginPageTitleTest</a></td></tr><tr class="skippedeven"><td><a href="#m14">loginPageTitleTest</a></td></tr><tr class="skippedeven"><td><a href="#m15">loginPageWPLogoTest</a></td><td rowspan="3">1543555882627</td><td rowspan="3">61</td></tr><tr class="skippedeven"><td><a href="#m16">loginPageWPLogoTest</a></td></tr><tr class="skippedeven"><td><a href="#m17">loginPageWPLogoTest</a></td></tr><tr><th colspan="4">Smoke Test2 &#8212; passed</th></tr><tr class="passedeven"><td rowspan="11">com.gazt.testcases.LoginPageTest</td><td><a href="#m18">backToHomePage</a></td><td rowspan="1">1543555885864</td><td rowspan="1">63</td></tr><tr class="passedeven"><td><a href="#m19">clickContineButton</a></td><td rowspan="1">1543555890601</td><td rowspan="1">306</td></tr><tr class="passedeven"><td><a href="#m20">continueButton</a></td><td rowspan="1">1543555883040</td><td rowspan="1">66</td></tr><tr class="passedeven"><td><a href="#m21">continueGoogleButton</a></td><td rowspan="1">1543555883107</td><td rowspan="1">2641</td></tr><tr class="passedeven"><td><a href="#m22">emailAdressTest</a></td><td rowspan="1">1543555882963</td><td rowspan="1">76</td></tr><tr class="passedeven"><td><a href="#m23">emailMeLink</a></td><td rowspan="1">1543555885749</td><td rowspan="1">55</td></tr><tr class="passedeven"><td><a href="#m24">enterEmailAdressTest</a></td><td rowspan="1">1543555890231</td><td rowspan="1">369</td></tr><tr class="passedeven"><td><a href="#m25">goBackToHomePage</a></td><td rowspan="1">1543555885928</td><td rowspan="1">4302</td></tr><tr class="passedeven"><td><a href="#m26">loginAccountHeaderTest</a></td><td rowspan="1">1543555882895</td><td rowspan="1">67</td></tr><tr class="passedeven"><td><a href="#m27">lostPasswordLink</a></td><td rowspan="1">1543555885805</td><td rowspan="1">58</td></tr><tr class="passedeven"><td><a href="#m28">signUpLinkTest</a></td><td rowspan="1">1543555882826</td><td rowspan="1">67</td></tr></tbody>
</table>
<h2>Smoke Test1</h2><h3 id="m0">com.gazt.testcases.HomePageTest#loginLinkClick</h3><table class="result"><tr><th>Exception</th></tr><tr><td><div class="stacktrace">org.openqa.selenium.TimeoutException: Timeout loading page after 40000ms
Build info: version: &apos;3.14.0&apos;, revision: &apos;aacccce0&apos;, time: &apos;2018-08-02T20:19:58.91Z&apos;
System info: host: &apos;DESKTOP-KHVE45V&apos;, ip: &apos;192.168.56.1&apos;, os.name: &apos;Windows 10&apos;, os.arch: &apos;amd64&apos;, os.version: &apos;10.0&apos;, java.version: &apos;1.8.0_121&apos;
Driver info: org.openqa.selenium.firefox.FirefoxDriver
Capabilities {acceptInsecureCerts: true, browserName: firefox, browserVersion: 63.0.3, javascriptEnabled: true, moz:accessibilityChecks: false, moz:geckodriverVersion: 0.23.0, moz:headless: false, moz:processID: 29320, moz:profile: C:\Windows\Temp\rust_mozpro..., moz:useNonSpecCompliantPointerOrigin: false, moz:webdriverClick: true, pageLoadStrategy: normal, platform: WINDOWS, platformName: WINDOWS, platformVersion: 10.0, rotatable: false, setWindowRect: true, timeouts: {implicit: 0, pageLoad: 300000, script: 30000}, unhandledPromptBehavior: dismiss and notify}
Session ID: baca3d13-e523-4ea8-a24f-28d96a541d56
	at org.openqa.selenium.remote.http.W3CHttpResponseCodec.createException(W3CHttpResponseCodec.java:187)
	at org.openqa.selenium.remote.http.W3CHttpResponseCodec.decode(W3CHttpResponseCodec.java:122)
	at org.openqa.selenium.remote.http.W3CHttpResponseCodec.decode(W3CHttpResponseCodec.java:49)
	at org.openqa.selenium.remote.HttpCommandExecutor.execute(HttpCommandExecutor.java:158)
	at org.openqa.selenium.remote.service.DriverCommandExecutor.execute(DriverCommandExecutor.java:83)
	at org.openqa.selenium.remote.RemoteWebDriver.execute(RemoteWebDriver.java:548)
	at org.openqa.selenium.remote.RemoteWebDriver.execute(RemoteWebDriver.java:605)
	at org.openqa.selenium.remote.RemoteWebDriver$RemoteNavigation.back(RemoteWebDriver.java:845)
	at com.gazt.testcases.HomePageTest.loginLinkClick(HomePageTest.java:88)
... Removed 33 stack frames</div></td></tr></table><p class="totop"><a href="#summary">back to summary</a></p>
<h3 id="m1">com.gazt.testcases.HomePageTest#featureLinkTest</h3><table class="result"><tr><th class="invisible"/></tr></table><p class="totop"><a href="#summary">back to summary</a></p>
<h3 id="m2">com.gazt.testcases.HomePageTest#getStartedLinkClick</h3><table class="result"><tr><th class="invisible"/></tr></table><p class="totop"><a href="#summary">back to summary</a></p>
<h3 id="m3">com.gazt.testcases.HomePageTest#homePageTitleTest</h3><table class="result"><tr><th class="invisible"/></tr></table><p class="totop"><a href="#summary">back to summary</a></p>
<h3 id="m4">com.gazt.testcases.HomePageTest#loginLinkClick</h3><table class="result"><tr><th class="invisible"/></tr></table><p class="totop"><a href="#summary">back to summary</a></p>
<h3 id="m5">com.gazt.testcases.HomePageTest#plansAndPricingTest</h3><table class="result"><tr><th class="invisible"/></tr></table><p class="totop"><a href="#summary">back to summary</a></p>
<h3 id="m6">com.gazt.testcases.HomePageTest#productLinkTest</h3><table class="result"><tr><th class="invisible"/></tr></table><p class="totop"><a href="#summary">back to summary</a></p>
<h3 id="m7">com.gazt.testcases.HomePageTest#resourcesLinkTest</h3><table class="result"><tr><th class="invisible"/></tr></table><p class="totop"><a href="#summary">back to summary</a></p>
<h3 id="m8">com.gazt.testcases.HomePageTest#startYourWebsiteButtonClick</h3><table class="result"><tr><th class="invisible"/></tr></table><p class="totop"><a href="#summary">back to summary</a></p>
<h3 id="m9">com.gazt.testcases.HomePageTest#wordPressLogoTest</h3><table class="result"><tr><th class="invisible"/></tr></table><p class="totop"><a href="#summary">back to summary</a></p>
<h2>Smoke Test2</h2><h3 id="m10">com.gazt.testcases.LoginPageTest#loginPageTitleTest</h3><table class="result"><tr><th>Exception</th></tr><tr><td><div class="stacktrace">java.lang.AssertionError: The following asserts failed:
	expected [Log In - WordPress.com] but found [WordPress.com],
	expected [Log In - WordPress.com] but found [WordPress.com],
	expected [Log In - WordPress.com] but found [WordPress.com],
	expected [Log In - WordPress.com] but found [WordPress.com]
	at com.gazt.testcases.LoginPageTest.loginPageTitleTest(LoginPageTest.java:56)
... Removed 30 stack frames</div></td></tr></table><p class="totop"><a href="#summary">back to summary</a></p>
<h3 id="m11">com.gazt.testcases.LoginPageTest#loginPageWPLogoTest</h3><table class="result"><tr><th>Exception</th></tr><tr><td><div class="stacktrace">java.lang.AssertionError: The following asserts failed:
	expected [Log In - WordPress.com] but found [WordPress.com],
	expected [Log In - WordPress.com] but found [WordPress.com],
	expected [Log In - WordPress.com] but found [WordPress.com],
	expected [Log In - WordPress.com] but found [WordPress.com]
	at com.gazt.testcases.LoginPageTest.loginPageWPLogoTest(LoginPageTest.java:65)
... Removed 30 stack frames</div></td></tr></table><p class="totop"><a href="#summary">back to summary</a></p>
<h3 id="m12">com.gazt.testcases.LoginPageTest#loginPageTitleTest</h3><table class="result"><tr><th>Exception</th></tr><tr><td><div class="stacktrace">java.lang.AssertionError: The following asserts failed:
	expected [Log In - WordPress.com] but found [WordPress.com],
	expected [Log In - WordPress.com] but found [WordPress.com]
	at com.gazt.testcases.LoginPageTest.loginPageTitleTest(LoginPageTest.java:56)
... Removed 30 stack frames</div></td></tr></table><p class="totop"><a href="#summary">back to summary</a></p>
<h3 id="m13">com.gazt.testcases.LoginPageTest#loginPageTitleTest</h3><table class="result"><tr><th>Exception</th></tr><tr><td><div class="stacktrace">java.lang.AssertionError: The following asserts failed:
	expected [Log In - WordPress.com] but found [WordPress.com],
	expected [Log In - WordPress.com] but found [WordPress.com],
	expected [Log In - WordPress.com] but found [WordPress.com]
	at com.gazt.testcases.LoginPageTest.loginPageTitleTest(LoginPageTest.java:56)
... Removed 30 stack frames</div></td></tr></table><p class="totop"><a href="#summary">back to summary</a></p>
<h3 id="m14">com.gazt.testcases.LoginPageTest#loginPageTitleTest</h3><table class="result"><tr><th>Exception</th></tr><tr><td><div class="stacktrace">java.lang.AssertionError: The following asserts failed:
	expected [Log In - WordPress.com] but found [WordPress.com]
	at com.gazt.testcases.LoginPageTest.loginPageTitleTest(LoginPageTest.java:56)
... Removed 30 stack frames</div></td></tr></table><p class="totop"><a href="#summary">back to summary</a></p>
<h3 id="m15">com.gazt.testcases.LoginPageTest#loginPageWPLogoTest</h3><table class="result"><tr><th>Exception</th></tr><tr><td><div class="stacktrace">java.lang.AssertionError: The following asserts failed:
	expected [Log In - WordPress.com] but found [WordPress.com],
	expected [Log In - WordPress.com] but found [WordPress.com],
	expected [Log In - WordPress.com] but found [WordPress.com],
	expected [Log In - WordPress.com] but found [WordPress.com]
	at com.gazt.testcases.LoginPageTest.loginPageWPLogoTest(LoginPageTest.java:65)
... Removed 30 stack frames</div></td></tr></table><p class="totop"><a href="#summary">back to summary</a></p>
<h3 id="m16">com.gazt.testcases.LoginPageTest#loginPageWPLogoTest</h3><table class="result"><tr><th>Exception</th></tr><tr><td><div class="stacktrace">java.lang.AssertionError: The following asserts failed:
	expected [Log In - WordPress.com] but found [WordPress.com],
	expected [Log In - WordPress.com] but found [WordPress.com],
	expected [Log In - WordPress.com] but found [WordPress.com],
	expected [Log In - WordPress.com] but found [WordPress.com]
	at com.gazt.testcases.LoginPageTest.loginPageWPLogoTest(LoginPageTest.java:65)
... Removed 30 stack frames</div></td></tr></table><p class="totop"><a href="#summary">back to summary</a></p>
<h3 id="m17">com.gazt.testcases.LoginPageTest#loginPageWPLogoTest</h3><table class="result"><tr><th>Exception</th></tr><tr><td><div class="stacktrace">java.lang.AssertionError: The following asserts failed:
	expected [Log In - WordPress.com] but found [WordPress.com],
	expected [Log In - WordPress.com] but found [WordPress.com],
	expected [Log In - WordPress.com] but found [WordPress.com],
	expected [Log In - WordPress.com] but found [WordPress.com]
	at com.gazt.testcases.LoginPageTest.loginPageWPLogoTest(LoginPageTest.java:65)
... Removed 30 stack frames</div></td></tr></table><p class="totop"><a href="#summary">back to summary</a></p>
<h3 id="m18">com.gazt.testcases.LoginPageTest#backToHomePage</h3><table class="result"><tr><th class="invisible"/></tr></table><p class="totop"><a href="#summary">back to summary</a></p>
<h3 id="m19">com.gazt.testcases.LoginPageTest#clickContineButton</h3><table class="result"><tr><th class="invisible"/></tr></table><p class="totop"><a href="#summary">back to summary</a></p>
<h3 id="m20">com.gazt.testcases.LoginPageTest#continueButton</h3><table class="result"><tr><th class="invisible"/></tr></table><p class="totop"><a href="#summary">back to summary</a></p>
<h3 id="m21">com.gazt.testcases.LoginPageTest#continueGoogleButton</h3><table class="result"><tr><th class="invisible"/></tr></table><p class="totop"><a href="#summary">back to summary</a></p>
<h3 id="m22">com.gazt.testcases.LoginPageTest#emailAdressTest</h3><table class="result"><tr><th class="invisible"/></tr></table><p class="totop"><a href="#summary">back to summary</a></p>
<h3 id="m23">com.gazt.testcases.LoginPageTest#emailMeLink</h3><table class="result"><tr><th class="invisible"/></tr></table><p class="totop"><a href="#summary">back to summary</a></p>
<h3 id="m24">com.gazt.testcases.LoginPageTest#enterEmailAdressTest</h3><table class="result"><tr><th class="invisible"/></tr></table><p class="totop"><a href="#summary">back to summary</a></p>
<h3 id="m25">com.gazt.testcases.LoginPageTest#goBackToHomePage</h3><table class="result"><tr><th class="invisible"/></tr></table><p class="totop"><a href="#summary">back to summary</a></p>
<h3 id="m26">com.gazt.testcases.LoginPageTest#loginAccountHeaderTest</h3><table class="result"><tr><th class="invisible"/></tr></table><p class="totop"><a href="#summary">back to summary</a></p>
<h3 id="m27">com.gazt.testcases.LoginPageTest#lostPasswordLink</h3><table class="result"><tr><th class="invisible"/></tr></table><p class="totop"><a href="#summary">back to summary</a></p>
<h3 id="m28">com.gazt.testcases.LoginPageTest#signUpLinkTest</h3><table class="result"><tr><th class="invisible"/></tr></table><p class="totop"><a href="#summary">back to summary</a></p>
</body>
</html>
