<?xml version="1.0" encoding="UTF-8"?>
<testng-results skipped="7" failed="2" ignored="0" total="29" passed="20">
  <reporter-output>
  </reporter-output>
  <suite name="WordPress Automation Suite" duration-ms="131102" started-at="2018-11-30T05:29:24Z" finished-at="2018-11-30T05:31:35Z">
    <groups>
    </groups>
    <test name="Smoke Test1" duration-ms="93307" started-at="2018-11-30T05:29:24Z" finished-at="2018-11-30T05:30:57Z">
      <class name="com.gazt.testcases.HomePageTest">
        <test-method status="PASS" signature="setUp()[pri:0, instance:com.gazt.testcases.HomePageTest@646007f4]" name="setUp" is-config="true" duration-ms="22330" started-at="2018-11-30T05:29:24Z" finished-at="2018-11-30T05:29:46Z">
          <reporter-output>
          </reporter-output>
        </test-method> <!-- setUp -->
        <test-method status="PASS" signature="homePageTitleTest()[pri:1, instance:com.gazt.testcases.HomePageTest@646007f4]" name="homePageTitleTest" duration-ms="20" started-at="2018-11-30T05:29:46Z" finished-at="2018-11-30T05:29:46Z">
          <reporter-output>
          </reporter-output>
        </test-method> <!-- homePageTitleTest -->
        <test-method status="PASS" signature="wordPressLogoTest()[pri:2, instance:com.gazt.testcases.HomePageTest@646007f4]" name="wordPressLogoTest" duration-ms="159" started-at="2018-11-30T05:29:46Z" finished-at="2018-11-30T05:29:46Z">
          <reporter-output>
          </reporter-output>
        </test-method> <!-- wordPressLogoTest -->
        <test-method status="PASS" signature="productLinkTest()[pri:3, instance:com.gazt.testcases.HomePageTest@646007f4]" name="productLinkTest" duration-ms="100" started-at="2018-11-30T05:29:46Z" finished-at="2018-11-30T05:29:46Z">
          <reporter-output>
          </reporter-output>
        </test-method> <!-- productLinkTest -->
        <test-method status="PASS" signature="featureLinkTest()[pri:4, instance:com.gazt.testcases.HomePageTest@646007f4]" name="featureLinkTest" duration-ms="471" started-at="2018-11-30T05:29:46Z" finished-at="2018-11-30T05:29:47Z">
          <reporter-output>
          </reporter-output>
        </test-method> <!-- featureLinkTest -->
        <test-method status="PASS" signature="resourcesLinkTest()[pri:5, instance:com.gazt.testcases.HomePageTest@646007f4]" name="resourcesLinkTest" duration-ms="234" started-at="2018-11-30T05:29:47Z" finished-at="2018-11-30T05:29:47Z">
          <reporter-output>
          </reporter-output>
        </test-method> <!-- resourcesLinkTest -->
        <test-method status="PASS" signature="plansAndPricingTest()[pri:6, instance:com.gazt.testcases.HomePageTest@646007f4]" name="plansAndPricingTest" duration-ms="120" started-at="2018-11-30T05:29:47Z" finished-at="2018-11-30T05:29:47Z">
          <reporter-output>
          </reporter-output>
        </test-method> <!-- plansAndPricingTest -->
        <test-method status="SKIP" signature="loginLinkClick()[pri:7, instance:com.gazt.testcases.HomePageTest@646007f4]" name="loginLinkClick" duration-ms="45867" started-at="2018-11-30T05:29:47Z" finished-at="2018-11-30T05:30:33Z">
          <exception class="org.openqa.selenium.TimeoutException">
            <message>
              <![CDATA[Timeout loading page after 40000ms
Build info: version: '3.14.0', revision: 'aacccce0', time: '2018-08-02T20:19:58.91Z'
System info: host: 'DESKTOP-KHVE45V', ip: '192.168.56.1', os.name: 'Windows 10', os.arch: 'amd64', os.version: '10.0', java.version: '1.8.0_121'
Driver info: org.openqa.selenium.firefox.FirefoxDriver
Capabilities {acceptInsecureCerts: true, browserName: firefox, browserVersion: 63.0.3, javascriptEnabled: true, moz:accessibilityChecks: false, moz:geckodriverVersion: 0.23.0, moz:headless: false, moz:processID: 29320, moz:profile: C:\Windows\Temp\rust_mozpro..., moz:useNonSpecCompliantPointerOrigin: false, moz:webdriverClick: true, pageLoadStrategy: normal, platform: WINDOWS, platformName: WINDOWS, platformVersion: 10.0, rotatable: false, setWindowRect: true, timeouts: {implicit: 0, pageLoad: 300000, script: 30000}, unhandledPromptBehavior: dismiss and notify}
Session ID: baca3d13-e523-4ea8-a24f-28d96a541d56]]>
            </message>
            <full-stacktrace>
              <![CDATA[org.openqa.selenium.TimeoutException: Timeout loading page after 40000ms
Build info: version: '3.14.0', revision: 'aacccce0', time: '2018-08-02T20:19:58.91Z'
System info: host: 'DESKTOP-KHVE45V', ip: '192.168.56.1', os.name: 'Windows 10', os.arch: 'amd64', os.version: '10.0', java.version: '1.8.0_121'
Driver info: org.openqa.selenium.firefox.FirefoxDriver
Capabilities {acceptInsecureCerts: true, browserName: firefox, browserVersion: 63.0.3, javascriptEnabled: true, moz:accessibilityChecks: false, moz:geckodriverVersion: 0.23.0, moz:headless: false, moz:processID: 29320, moz:profile: C:\Windows\Temp\rust_mozpro..., moz:useNonSpecCompliantPointerOrigin: false, moz:webdriverClick: true, pageLoadStrategy: normal, platform: WINDOWS, platformName: WINDOWS, platformVersion: 10.0, rotatable: false, setWindowRect: true, timeouts: {implicit: 0, pageLoad: 300000, script: 30000}, unhandledPromptBehavior: dismiss and notify}
Session ID: baca3d13-e523-4ea8-a24f-28d96a541d56
at sun.reflect.NativeConstructorAccessorImpl.newInstance0(Native Method)
at sun.reflect.NativeConstructorAccessorImpl.newInstance(NativeConstructorAccessorImpl.java:62)
at sun.reflect.DelegatingConstructorAccessorImpl.newInstance(DelegatingConstructorAccessorImpl.java:45)
at java.lang.reflect.Constructor.newInstance(Constructor.java:423)
at org.openqa.selenium.remote.http.W3CHttpResponseCodec.createException(W3CHttpResponseCodec.java:187)
at org.openqa.selenium.remote.http.W3CHttpResponseCodec.decode(W3CHttpResponseCodec.java:122)
at org.openqa.selenium.remote.http.W3CHttpResponseCodec.decode(W3CHttpResponseCodec.java:49)
at org.openqa.selenium.remote.HttpCommandExecutor.execute(HttpCommandExecutor.java:158)
at org.openqa.selenium.remote.service.DriverCommandExecutor.execute(DriverCommandExecutor.java:83)
at org.openqa.selenium.remote.RemoteWebDriver.execute(RemoteWebDriver.java:548)
at org.openqa.selenium.remote.RemoteWebDriver.execute(RemoteWebDriver.java:605)
at org.openqa.selenium.remote.RemoteWebDriver$RemoteNavigation.back(RemoteWebDriver.java:845)
at com.gazt.testcases.HomePageTest.loginLinkClick(HomePageTest.java:88)
at sun.reflect.NativeMethodAccessorImpl.invoke0(Native Method)
at sun.reflect.NativeMethodAccessorImpl.invoke(NativeMethodAccessorImpl.java:62)
at sun.reflect.DelegatingMethodAccessorImpl.invoke(DelegatingMethodAccessorImpl.java:43)
at java.lang.reflect.Method.invoke(Method.java:498)
at org.testng.internal.MethodInvocationHelper.invokeMethod(MethodInvocationHelper.java:124)
at org.testng.internal.Invoker.invokeMethod(Invoker.java:583)
at org.testng.internal.Invoker.invokeTestMethod(Invoker.java:719)
at org.testng.internal.Invoker.invokeTestMethods(Invoker.java:989)
at org.testng.internal.TestMethodWorker.invokeTestMethods(TestMethodWorker.java:125)
at org.testng.internal.TestMethodWorker.run(TestMethodWorker.java:109)
at org.testng.TestRunner.privateRun(TestRunner.java:648)
at org.testng.TestRunner.run(TestRunner.java:505)
at org.testng.SuiteRunner.runTest(SuiteRunner.java:455)
at org.testng.SuiteRunner.runSequentially(SuiteRunner.java:450)
at org.testng.SuiteRunner.privateRun(SuiteRunner.java:415)
at org.testng.SuiteRunner.run(SuiteRunner.java:364)
at org.testng.SuiteRunnerWorker.runSuite(SuiteRunnerWorker.java:52)
at org.testng.SuiteRunnerWorker.run(SuiteRunnerWorker.java:84)
at org.testng.TestNG.runSuitesSequentially(TestNG.java:1208)
at org.testng.TestNG.runSuitesLocally(TestNG.java:1137)
at org.testng.TestNG.runSuites(TestNG.java:1049)
at org.testng.TestNG.run(TestNG.java:1017)
at org.apache.maven.surefire.testng.TestNGExecutor.run(TestNGExecutor.java:283)
at org.apache.maven.surefire.testng.TestNGXmlTestSuite.execute(TestNGXmlTestSuite.java:75)
at org.apache.maven.surefire.testng.TestNGProvider.invoke(TestNGProvider.java:120)
at org.apache.maven.surefire.booter.ForkedBooter.invokeProviderInSameClassLoader(ForkedBooter.java:379)
at org.apache.maven.surefire.booter.ForkedBooter.runSuitesInProcess(ForkedBooter.java:340)
at org.apache.maven.surefire.booter.ForkedBooter.execute(ForkedBooter.java:125)
at org.apache.maven.surefire.booter.ForkedBooter.main(ForkedBooter.java:413)
]]>
            </full-stacktrace>
          </exception> <!-- org.openqa.selenium.TimeoutException -->
          <reporter-output>
          </reporter-output>
        </test-method> <!-- loginLinkClick -->
        <test-method status="PASS" signature="loginLinkClick()[pri:7, instance:com.gazt.testcases.HomePageTest@646007f4]" name="loginLinkClick" duration-ms="9110" started-at="2018-11-30T05:30:33Z" finished-at="2018-11-30T05:30:42Z">
          <reporter-output>
          </reporter-output>
        </test-method> <!-- loginLinkClick -->
        <test-method status="PASS" signature="getStartedLinkClick()[pri:8, instance:com.gazt.testcases.HomePageTest@646007f4]" name="getStartedLinkClick" duration-ms="6452" started-at="2018-11-30T05:30:42Z" finished-at="2018-11-30T05:30:49Z">
          <reporter-output>
          </reporter-output>
        </test-method> <!-- getStartedLinkClick -->
        <test-method status="PASS" signature="startYourWebsiteButtonClick()[pri:9, instance:com.gazt.testcases.HomePageTest@646007f4]" name="startYourWebsiteButtonClick" duration-ms="3390" started-at="2018-11-30T05:30:49Z" finished-at="2018-11-30T05:30:52Z">
          <reporter-output>
          </reporter-output>
        </test-method> <!-- startYourWebsiteButtonClick -->
        <test-method status="PASS" signature="tearDown()[pri:0, instance:com.gazt.testcases.HomePageTest@646007f4]" name="tearDown" is-config="true" duration-ms="4990" started-at="2018-11-30T05:30:52Z" finished-at="2018-11-30T05:30:57Z">
          <reporter-output>
          </reporter-output>
        </test-method> <!-- tearDown -->
      </class> <!-- com.gazt.testcases.HomePageTest -->
    </test> <!-- Smoke Test1 -->
    <test name="Smoke Test2" duration-ms="36906" started-at="2018-11-30T05:30:58Z" finished-at="2018-11-30T05:31:35Z">
      <class name="com.gazt.testcases.LoginPageTest">
        <test-method status="PASS" signature="setUp()[pri:0, instance:com.gazt.testcases.LoginPageTest@68ceda24]" name="setUp" is-config="true" duration-ms="22205" started-at="2018-11-30T05:30:58Z" finished-at="2018-11-30T05:31:20Z">
          <reporter-output>
          </reporter-output>
        </test-method> <!-- setUp -->
        <test-method status="SKIP" signature="loginPageTitleTest()[pri:1, instance:com.gazt.testcases.LoginPageTest@68ceda24]" name="loginPageTitleTest" duration-ms="9" started-at="2018-11-30T05:31:20Z" finished-at="2018-11-30T05:31:20Z">
          <exception class="java.lang.AssertionError">
            <message>
              <![CDATA[The following asserts failed:
expected [Log In - WordPress.com] but found [WordPress.com]]]>
            </message>
            <full-stacktrace>
              <![CDATA[java.lang.AssertionError: The following asserts failed:
expected [Log In - WordPress.com] but found [WordPress.com]
at org.testng.asserts.SoftAssert.assertAll(SoftAssert.java:43)
at com.gazt.testcases.LoginPageTest.loginPageTitleTest(LoginPageTest.java:56)
at sun.reflect.NativeMethodAccessorImpl.invoke0(Native Method)
at sun.reflect.NativeMethodAccessorImpl.invoke(NativeMethodAccessorImpl.java:62)
at sun.reflect.DelegatingMethodAccessorImpl.invoke(DelegatingMethodAccessorImpl.java:43)
at java.lang.reflect.Method.invoke(Method.java:498)
at org.testng.internal.MethodInvocationHelper.invokeMethod(MethodInvocationHelper.java:124)
at org.testng.internal.Invoker.invokeMethod(Invoker.java:583)
at org.testng.internal.Invoker.invokeTestMethod(Invoker.java:719)
at org.testng.internal.Invoker.invokeTestMethods(Invoker.java:989)
at org.testng.internal.TestMethodWorker.invokeTestMethods(TestMethodWorker.java:125)
at org.testng.internal.TestMethodWorker.run(TestMethodWorker.java:109)
at org.testng.TestRunner.privateRun(TestRunner.java:648)
at org.testng.TestRunner.run(TestRunner.java:505)
at org.testng.SuiteRunner.runTest(SuiteRunner.java:455)
at org.testng.SuiteRunner.runSequentially(SuiteRunner.java:450)
at org.testng.SuiteRunner.privateRun(SuiteRunner.java:415)
at org.testng.SuiteRunner.run(SuiteRunner.java:364)
at org.testng.SuiteRunnerWorker.runSuite(SuiteRunnerWorker.java:52)
at org.testng.SuiteRunnerWorker.run(SuiteRunnerWorker.java:84)
at org.testng.TestNG.runSuitesSequentially(TestNG.java:1208)
at org.testng.TestNG.runSuitesLocally(TestNG.java:1137)
at org.testng.TestNG.runSuites(TestNG.java:1049)
at org.testng.TestNG.run(TestNG.java:1017)
at org.apache.maven.surefire.testng.TestNGExecutor.run(TestNGExecutor.java:283)
at org.apache.maven.surefire.testng.TestNGXmlTestSuite.execute(TestNGXmlTestSuite.java:75)
at org.apache.maven.surefire.testng.TestNGProvider.invoke(TestNGProvider.java:120)
at org.apache.maven.surefire.booter.ForkedBooter.invokeProviderInSameClassLoader(ForkedBooter.java:379)
at org.apache.maven.surefire.booter.ForkedBooter.runSuitesInProcess(ForkedBooter.java:340)
at org.apache.maven.surefire.booter.ForkedBooter.execute(ForkedBooter.java:125)
at org.apache.maven.surefire.booter.ForkedBooter.main(ForkedBooter.java:413)
]]>
            </full-stacktrace>
          </exception> <!-- java.lang.AssertionError -->
          <reporter-output>
          </reporter-output>
        </test-method> <!-- loginPageTitleTest -->
        <test-method status="SKIP" signature="loginPageTitleTest()[pri:1, instance:com.gazt.testcases.LoginPageTest@68ceda24]" name="loginPageTitleTest" duration-ms="8" started-at="2018-11-30T05:31:20Z" finished-at="2018-11-30T05:31:20Z">
          <exception class="java.lang.AssertionError">
            <message>
              <![CDATA[The following asserts failed:
expected [Log In - WordPress.com] but found [WordPress.com],
expected [Log In - WordPress.com] but found [WordPress.com]]]>
            </message>
            <full-stacktrace>
              <![CDATA[java.lang.AssertionError: The following asserts failed:
expected [Log In - WordPress.com] but found [WordPress.com],
expected [Log In - WordPress.com] but found [WordPress.com]
at org.testng.asserts.SoftAssert.assertAll(SoftAssert.java:43)
at com.gazt.testcases.LoginPageTest.loginPageTitleTest(LoginPageTest.java:56)
at sun.reflect.NativeMethodAccessorImpl.invoke0(Native Method)
at sun.reflect.NativeMethodAccessorImpl.invoke(NativeMethodAccessorImpl.java:62)
at sun.reflect.DelegatingMethodAccessorImpl.invoke(DelegatingMethodAccessorImpl.java:43)
at java.lang.reflect.Method.invoke(Method.java:498)
at org.testng.internal.MethodInvocationHelper.invokeMethod(MethodInvocationHelper.java:124)
at org.testng.internal.Invoker.invokeMethod(Invoker.java:583)
at org.testng.internal.Invoker.retryFailed(Invoker.java:839)
at org.testng.internal.Invoker.invokeTestMethods(Invoker.java:1010)
at org.testng.internal.TestMethodWorker.invokeTestMethods(TestMethodWorker.java:125)
at org.testng.internal.TestMethodWorker.run(TestMethodWorker.java:109)
at org.testng.TestRunner.privateRun(TestRunner.java:648)
at org.testng.TestRunner.run(TestRunner.java:505)
at org.testng.SuiteRunner.runTest(SuiteRunner.java:455)
at org.testng.SuiteRunner.runSequentially(SuiteRunner.java:450)
at org.testng.SuiteRunner.privateRun(SuiteRunner.java:415)
at org.testng.SuiteRunner.run(SuiteRunner.java:364)
at org.testng.SuiteRunnerWorker.runSuite(SuiteRunnerWorker.java:52)
at org.testng.SuiteRunnerWorker.run(SuiteRunnerWorker.java:84)
at org.testng.TestNG.runSuitesSequentially(TestNG.java:1208)
at org.testng.TestNG.runSuitesLocally(TestNG.java:1137)
at org.testng.TestNG.runSuites(TestNG.java:1049)
at org.testng.TestNG.run(TestNG.java:1017)
at org.apache.maven.surefire.testng.TestNGExecutor.run(TestNGExecutor.java:283)
at org.apache.maven.surefire.testng.TestNGXmlTestSuite.execute(TestNGXmlTestSuite.java:75)
at org.apache.maven.surefire.testng.TestNGProvider.invoke(TestNGProvider.java:120)
at org.apache.maven.surefire.booter.ForkedBooter.invokeProviderInSameClassLoader(ForkedBooter.java:379)
at org.apache.maven.surefire.booter.ForkedBooter.runSuitesInProcess(ForkedBooter.java:340)
at org.apache.maven.surefire.booter.ForkedBooter.execute(ForkedBooter.java:125)
at org.apache.maven.surefire.booter.ForkedBooter.main(ForkedBooter.java:413)
]]>
            </full-stacktrace>
          </exception> <!-- java.lang.AssertionError -->
          <reporter-output>
          </reporter-output>
        </test-method> <!-- loginPageTitleTest -->
        <test-method status="SKIP" signature="loginPageTitleTest()[pri:1, instance:com.gazt.testcases.LoginPageTest@68ceda24]" name="loginPageTitleTest" duration-ms="9" started-at="2018-11-30T05:31:20Z" finished-at="2018-11-30T05:31:20Z">
          <exception class="java.lang.AssertionError">
            <message>
              <![CDATA[The following asserts failed:
expected [Log In - WordPress.com] but found [WordPress.com],
expected [Log In - WordPress.com] but found [WordPress.com],
expected [Log In - WordPress.com] but found [WordPress.com]]]>
            </message>
            <full-stacktrace>
              <![CDATA[java.lang.AssertionError: The following asserts failed:
expected [Log In - WordPress.com] but found [WordPress.com],
expected [Log In - WordPress.com] but found [WordPress.com],
expected [Log In - WordPress.com] but found [WordPress.com]
at org.testng.asserts.SoftAssert.assertAll(SoftAssert.java:43)
at com.gazt.testcases.LoginPageTest.loginPageTitleTest(LoginPageTest.java:56)
at sun.reflect.NativeMethodAccessorImpl.invoke0(Native Method)
at sun.reflect.NativeMethodAccessorImpl.invoke(NativeMethodAccessorImpl.java:62)
at sun.reflect.DelegatingMethodAccessorImpl.invoke(DelegatingMethodAccessorImpl.java:43)
at java.lang.reflect.Method.invoke(Method.java:498)
at org.testng.internal.MethodInvocationHelper.invokeMethod(MethodInvocationHelper.java:124)
at org.testng.internal.Invoker.invokeMethod(Invoker.java:583)
at org.testng.internal.Invoker.retryFailed(Invoker.java:839)
at org.testng.internal.Invoker.invokeTestMethods(Invoker.java:1010)
at org.testng.internal.TestMethodWorker.invokeTestMethods(TestMethodWorker.java:125)
at org.testng.internal.TestMethodWorker.run(TestMethodWorker.java:109)
at org.testng.TestRunner.privateRun(TestRunner.java:648)
at org.testng.TestRunner.run(TestRunner.java:505)
at org.testng.SuiteRunner.runTest(SuiteRunner.java:455)
at org.testng.SuiteRunner.runSequentially(SuiteRunner.java:450)
at org.testng.SuiteRunner.privateRun(SuiteRunner.java:415)
at org.testng.SuiteRunner.run(SuiteRunner.java:364)
at org.testng.SuiteRunnerWorker.runSuite(SuiteRunnerWorker.java:52)
at org.testng.SuiteRunnerWorker.run(SuiteRunnerWorker.java:84)
at org.testng.TestNG.runSuitesSequentially(TestNG.java:1208)
at org.testng.TestNG.runSuitesLocally(TestNG.java:1137)
at org.testng.TestNG.runSuites(TestNG.java:1049)
at org.testng.TestNG.run(TestNG.java:1017)
at org.apache.maven.surefire.testng.TestNGExecutor.run(TestNGExecutor.java:283)
at org.apache.maven.surefire.testng.TestNGXmlTestSuite.execute(TestNGXmlTestSuite.java:75)
at org.apache.maven.surefire.testng.TestNGProvider.invoke(TestNGProvider.java:120)
at org.apache.maven.surefire.booter.ForkedBooter.invokeProviderInSameClassLoader(ForkedBooter.java:379)
at org.apache.maven.surefire.booter.ForkedBooter.runSuitesInProcess(ForkedBooter.java:340)
at org.apache.maven.surefire.booter.ForkedBooter.execute(ForkedBooter.java:125)
at org.apache.maven.surefire.booter.ForkedBooter.main(ForkedBooter.java:413)
]]>
            </full-stacktrace>
          </exception> <!-- java.lang.AssertionError -->
          <reporter-output>
          </reporter-output>
        </test-method> <!-- loginPageTitleTest -->
        <test-method status="FAIL" signature="loginPageTitleTest()[pri:1, instance:com.gazt.testcases.LoginPageTest@68ceda24]" name="loginPageTitleTest" duration-ms="8" started-at="2018-11-30T05:31:20Z" finished-at="2018-11-30T05:31:20Z">
          <exception class="java.lang.AssertionError">
            <message>
              <![CDATA[The following asserts failed:
expected [Log In - WordPress.com] but found [WordPress.com],
expected [Log In - WordPress.com] but found [WordPress.com],
expected [Log In - WordPress.com] but found [WordPress.com],
expected [Log In - WordPress.com] but found [WordPress.com]]]>
            </message>
            <full-stacktrace>
              <![CDATA[java.lang.AssertionError: The following asserts failed:
expected [Log In - WordPress.com] but found [WordPress.com],
expected [Log In - WordPress.com] but found [WordPress.com],
expected [Log In - WordPress.com] but found [WordPress.com],
expected [Log In - WordPress.com] but found [WordPress.com]
at org.testng.asserts.SoftAssert.assertAll(SoftAssert.java:43)
at com.gazt.testcases.LoginPageTest.loginPageTitleTest(LoginPageTest.java:56)
at sun.reflect.NativeMethodAccessorImpl.invoke0(Native Method)
at sun.reflect.NativeMethodAccessorImpl.invoke(NativeMethodAccessorImpl.java:62)
at sun.reflect.DelegatingMethodAccessorImpl.invoke(DelegatingMethodAccessorImpl.java:43)
at java.lang.reflect.Method.invoke(Method.java:498)
at org.testng.internal.MethodInvocationHelper.invokeMethod(MethodInvocationHelper.java:124)
at org.testng.internal.Invoker.invokeMethod(Invoker.java:583)
at org.testng.internal.Invoker.retryFailed(Invoker.java:839)
at org.testng.internal.Invoker.invokeTestMethods(Invoker.java:1010)
at org.testng.internal.TestMethodWorker.invokeTestMethods(TestMethodWorker.java:125)
at org.testng.internal.TestMethodWorker.run(TestMethodWorker.java:109)
at org.testng.TestRunner.privateRun(TestRunner.java:648)
at org.testng.TestRunner.run(TestRunner.java:505)
at org.testng.SuiteRunner.runTest(SuiteRunner.java:455)
at org.testng.SuiteRunner.runSequentially(SuiteRunner.java:450)
at org.testng.SuiteRunner.privateRun(SuiteRunner.java:415)
at org.testng.SuiteRunner.run(SuiteRunner.java:364)
at org.testng.SuiteRunnerWorker.runSuite(SuiteRunnerWorker.java:52)
at org.testng.SuiteRunnerWorker.run(SuiteRunnerWorker.java:84)
at org.testng.TestNG.runSuitesSequentially(TestNG.java:1208)
at org.testng.TestNG.runSuitesLocally(TestNG.java:1137)
at org.testng.TestNG.runSuites(TestNG.java:1049)
at org.testng.TestNG.run(TestNG.java:1017)
at org.apache.maven.surefire.testng.TestNGExecutor.run(TestNGExecutor.java:283)
at org.apache.maven.surefire.testng.TestNGXmlTestSuite.execute(TestNGXmlTestSuite.java:75)
at org.apache.maven.surefire.testng.TestNGProvider.invoke(TestNGProvider.java:120)
at org.apache.maven.surefire.booter.ForkedBooter.invokeProviderInSameClassLoader(ForkedBooter.java:379)
at org.apache.maven.surefire.booter.ForkedBooter.runSuitesInProcess(ForkedBooter.java:340)
at org.apache.maven.surefire.booter.ForkedBooter.execute(ForkedBooter.java:125)
at org.apache.maven.surefire.booter.ForkedBooter.main(ForkedBooter.java:413)
]]>
            </full-stacktrace>
          </exception> <!-- java.lang.AssertionError -->
          <reporter-output>
          </reporter-output>
        </test-method> <!-- loginPageTitleTest -->
        <test-method status="SKIP" signature="loginPageWPLogoTest()[pri:2, instance:com.gazt.testcases.LoginPageTest@68ceda24]" name="loginPageWPLogoTest" duration-ms="1687" started-at="2018-11-30T05:31:20Z" finished-at="2018-11-30T05:31:22Z">
          <exception class="java.lang.AssertionError">
            <message>
              <![CDATA[The following asserts failed:
expected [Log In - WordPress.com] but found [WordPress.com],
expected [Log In - WordPress.com] but found [WordPress.com],
expected [Log In - WordPress.com] but found [WordPress.com],
expected [Log In - WordPress.com] but found [WordPress.com]]]>
            </message>
            <full-stacktrace>
              <![CDATA[java.lang.AssertionError: The following asserts failed:
expected [Log In - WordPress.com] but found [WordPress.com],
expected [Log In - WordPress.com] but found [WordPress.com],
expected [Log In - WordPress.com] but found [WordPress.com],
expected [Log In - WordPress.com] but found [WordPress.com]
at org.testng.asserts.SoftAssert.assertAll(SoftAssert.java:43)
at com.gazt.testcases.LoginPageTest.loginPageWPLogoTest(LoginPageTest.java:65)
at sun.reflect.NativeMethodAccessorImpl.invoke0(Native Method)
at sun.reflect.NativeMethodAccessorImpl.invoke(NativeMethodAccessorImpl.java:62)
at sun.reflect.DelegatingMethodAccessorImpl.invoke(DelegatingMethodAccessorImpl.java:43)
at java.lang.reflect.Method.invoke(Method.java:498)
at org.testng.internal.MethodInvocationHelper.invokeMethod(MethodInvocationHelper.java:124)
at org.testng.internal.Invoker.invokeMethod(Invoker.java:583)
at org.testng.internal.Invoker.invokeTestMethod(Invoker.java:719)
at org.testng.internal.Invoker.invokeTestMethods(Invoker.java:989)
at org.testng.internal.TestMethodWorker.invokeTestMethods(TestMethodWorker.java:125)
at org.testng.internal.TestMethodWorker.run(TestMethodWorker.java:109)
at org.testng.TestRunner.privateRun(TestRunner.java:648)
at org.testng.TestRunner.run(TestRunner.java:505)
at org.testng.SuiteRunner.runTest(SuiteRunner.java:455)
at org.testng.SuiteRunner.runSequentially(SuiteRunner.java:450)
at org.testng.SuiteRunner.privateRun(SuiteRunner.java:415)
at org.testng.SuiteRunner.run(SuiteRunner.java:364)
at org.testng.SuiteRunnerWorker.runSuite(SuiteRunnerWorker.java:52)
at org.testng.SuiteRunnerWorker.run(SuiteRunnerWorker.java:84)
at org.testng.TestNG.runSuitesSequentially(TestNG.java:1208)
at org.testng.TestNG.runSuitesLocally(TestNG.java:1137)
at org.testng.TestNG.runSuites(TestNG.java:1049)
at org.testng.TestNG.run(TestNG.java:1017)
at org.apache.maven.surefire.testng.TestNGExecutor.run(TestNGExecutor.java:283)
at org.apache.maven.surefire.testng.TestNGXmlTestSuite.execute(TestNGXmlTestSuite.java:75)
at org.apache.maven.surefire.testng.TestNGProvider.invoke(TestNGProvider.java:120)
at org.apache.maven.surefire.booter.ForkedBooter.invokeProviderInSameClassLoader(ForkedBooter.java:379)
at org.apache.maven.surefire.booter.ForkedBooter.runSuitesInProcess(ForkedBooter.java:340)
at org.apache.maven.surefire.booter.ForkedBooter.execute(ForkedBooter.java:125)
at org.apache.maven.surefire.booter.ForkedBooter.main(ForkedBooter.java:413)
]]>
            </full-stacktrace>
          </exception> <!-- java.lang.AssertionError -->
          <reporter-output>
          </reporter-output>
        </test-method> <!-- loginPageWPLogoTest -->
        <test-method status="SKIP" signature="loginPageWPLogoTest()[pri:2, instance:com.gazt.testcases.LoginPageTest@68ceda24]" name="loginPageWPLogoTest" duration-ms="126" started-at="2018-11-30T05:31:22Z" finished-at="2018-11-30T05:31:22Z">
          <exception class="java.lang.AssertionError">
            <message>
              <![CDATA[The following asserts failed:
expected [Log In - WordPress.com] but found [WordPress.com],
expected [Log In - WordPress.com] but found [WordPress.com],
expected [Log In - WordPress.com] but found [WordPress.com],
expected [Log In - WordPress.com] but found [WordPress.com]]]>
            </message>
            <full-stacktrace>
              <![CDATA[java.lang.AssertionError: The following asserts failed:
expected [Log In - WordPress.com] but found [WordPress.com],
expected [Log In - WordPress.com] but found [WordPress.com],
expected [Log In - WordPress.com] but found [WordPress.com],
expected [Log In - WordPress.com] but found [WordPress.com]
at org.testng.asserts.SoftAssert.assertAll(SoftAssert.java:43)
at com.gazt.testcases.LoginPageTest.loginPageWPLogoTest(LoginPageTest.java:65)
at sun.reflect.NativeMethodAccessorImpl.invoke0(Native Method)
at sun.reflect.NativeMethodAccessorImpl.invoke(NativeMethodAccessorImpl.java:62)
at sun.reflect.DelegatingMethodAccessorImpl.invoke(DelegatingMethodAccessorImpl.java:43)
at java.lang.reflect.Method.invoke(Method.java:498)
at org.testng.internal.MethodInvocationHelper.invokeMethod(MethodInvocationHelper.java:124)
at org.testng.internal.Invoker.invokeMethod(Invoker.java:583)
at org.testng.internal.Invoker.retryFailed(Invoker.java:839)
at org.testng.internal.Invoker.invokeTestMethods(Invoker.java:1010)
at org.testng.internal.TestMethodWorker.invokeTestMethods(TestMethodWorker.java:125)
at org.testng.internal.TestMethodWorker.run(TestMethodWorker.java:109)
at org.testng.TestRunner.privateRun(TestRunner.java:648)
at org.testng.TestRunner.run(TestRunner.java:505)
at org.testng.SuiteRunner.runTest(SuiteRunner.java:455)
at org.testng.SuiteRunner.runSequentially(SuiteRunner.java:450)
at org.testng.SuiteRunner.privateRun(SuiteRunner.java:415)
at org.testng.SuiteRunner.run(SuiteRunner.java:364)
at org.testng.SuiteRunnerWorker.runSuite(SuiteRunnerWorker.java:52)
at org.testng.SuiteRunnerWorker.run(SuiteRunnerWorker.java:84)
at org.testng.TestNG.runSuitesSequentially(TestNG.java:1208)
at org.testng.TestNG.runSuitesLocally(TestNG.java:1137)
at org.testng.TestNG.runSuites(TestNG.java:1049)
at org.testng.TestNG.run(TestNG.java:1017)
at org.apache.maven.surefire.testng.TestNGExecutor.run(TestNGExecutor.java:283)
at org.apache.maven.surefire.testng.TestNGXmlTestSuite.execute(TestNGXmlTestSuite.java:75)
at org.apache.maven.surefire.testng.TestNGProvider.invoke(TestNGProvider.java:120)
at org.apache.maven.surefire.booter.ForkedBooter.invokeProviderInSameClassLoader(ForkedBooter.java:379)
at org.apache.maven.surefire.booter.ForkedBooter.runSuitesInProcess(ForkedBooter.java:340)
at org.apache.maven.surefire.booter.ForkedBooter.execute(ForkedBooter.java:125)
at org.apache.maven.surefire.booter.ForkedBooter.main(ForkedBooter.java:413)
]]>
            </full-stacktrace>
          </exception> <!-- java.lang.AssertionError -->
          <reporter-output>
          </reporter-output>
        </test-method> <!-- loginPageWPLogoTest -->
        <test-method status="SKIP" signature="loginPageWPLogoTest()[pri:2, instance:com.gazt.testcases.LoginPageTest@68ceda24]" name="loginPageWPLogoTest" duration-ms="61" started-at="2018-11-30T05:31:22Z" finished-at="2018-11-30T05:31:22Z">
          <exception class="java.lang.AssertionError">
            <message>
              <![CDATA[The following asserts failed:
expected [Log In - WordPress.com] but found [WordPress.com],
expected [Log In - WordPress.com] but found [WordPress.com],
expected [Log In - WordPress.com] but found [WordPress.com],
expected [Log In - WordPress.com] but found [WordPress.com]]]>
            </message>
            <full-stacktrace>
              <![CDATA[java.lang.AssertionError: The following asserts failed:
expected [Log In - WordPress.com] but found [WordPress.com],
expected [Log In - WordPress.com] but found [WordPress.com],
expected [Log In - WordPress.com] but found [WordPress.com],
expected [Log In - WordPress.com] but found [WordPress.com]
at org.testng.asserts.SoftAssert.assertAll(SoftAssert.java:43)
at com.gazt.testcases.LoginPageTest.loginPageWPLogoTest(LoginPageTest.java:65)
at sun.reflect.NativeMethodAccessorImpl.invoke0(Native Method)
at sun.reflect.NativeMethodAccessorImpl.invoke(NativeMethodAccessorImpl.java:62)
at sun.reflect.DelegatingMethodAccessorImpl.invoke(DelegatingMethodAccessorImpl.java:43)
at java.lang.reflect.Method.invoke(Method.java:498)
at org.testng.internal.MethodInvocationHelper.invokeMethod(MethodInvocationHelper.java:124)
at org.testng.internal.Invoker.invokeMethod(Invoker.java:583)
at org.testng.internal.Invoker.retryFailed(Invoker.java:839)
at org.testng.internal.Invoker.invokeTestMethods(Invoker.java:1010)
at org.testng.internal.TestMethodWorker.invokeTestMethods(TestMethodWorker.java:125)
at org.testng.internal.TestMethodWorker.run(TestMethodWorker.java:109)
at org.testng.TestRunner.privateRun(TestRunner.java:648)
at org.testng.TestRunner.run(TestRunner.java:505)
at org.testng.SuiteRunner.runTest(SuiteRunner.java:455)
at org.testng.SuiteRunner.runSequentially(SuiteRunner.java:450)
at org.testng.SuiteRunner.privateRun(SuiteRunner.java:415)
at org.testng.SuiteRunner.run(SuiteRunner.java:364)
at org.testng.SuiteRunnerWorker.runSuite(SuiteRunnerWorker.java:52)
at org.testng.SuiteRunnerWorker.run(SuiteRunnerWorker.java:84)
at org.testng.TestNG.runSuitesSequentially(TestNG.java:1208)
at org.testng.TestNG.runSuitesLocally(TestNG.java:1137)
at org.testng.TestNG.runSuites(TestNG.java:1049)
at org.testng.TestNG.run(TestNG.java:1017)
at org.apache.maven.surefire.testng.TestNGExecutor.run(TestNGExecutor.java:283)
at org.apache.maven.surefire.testng.TestNGXmlTestSuite.execute(TestNGXmlTestSuite.java:75)
at org.apache.maven.surefire.testng.TestNGProvider.invoke(TestNGProvider.java:120)
at org.apache.maven.surefire.booter.ForkedBooter.invokeProviderInSameClassLoader(ForkedBooter.java:379)
at org.apache.maven.surefire.booter.ForkedBooter.runSuitesInProcess(ForkedBooter.java:340)
at org.apache.maven.surefire.booter.ForkedBooter.execute(ForkedBooter.java:125)
at org.apache.maven.surefire.booter.ForkedBooter.main(ForkedBooter.java:413)
]]>
            </full-stacktrace>
          </exception> <!-- java.lang.AssertionError -->
          <reporter-output>
          </reporter-output>
        </test-method> <!-- loginPageWPLogoTest -->
        <test-method status="FAIL" signature="loginPageWPLogoTest()[pri:2, instance:com.gazt.testcases.LoginPageTest@68ceda24]" name="loginPageWPLogoTest" duration-ms="69" started-at="2018-11-30T05:31:22Z" finished-at="2018-11-30T05:31:22Z">
          <exception class="java.lang.AssertionError">
            <message>
              <![CDATA[The following asserts failed:
expected [Log In - WordPress.com] but found [WordPress.com],
expected [Log In - WordPress.com] but found [WordPress.com],
expected [Log In - WordPress.com] but found [WordPress.com],
expected [Log In - WordPress.com] but found [WordPress.com]]]>
            </message>
            <full-stacktrace>
              <![CDATA[java.lang.AssertionError: The following asserts failed:
expected [Log In - WordPress.com] but found [WordPress.com],
expected [Log In - WordPress.com] but found [WordPress.com],
expected [Log In - WordPress.com] but found [WordPress.com],
expected [Log In - WordPress.com] but found [WordPress.com]
at org.testng.asserts.SoftAssert.assertAll(SoftAssert.java:43)
at com.gazt.testcases.LoginPageTest.loginPageWPLogoTest(LoginPageTest.java:65)
at sun.reflect.NativeMethodAccessorImpl.invoke0(Native Method)
at sun.reflect.NativeMethodAccessorImpl.invoke(NativeMethodAccessorImpl.java:62)
at sun.reflect.DelegatingMethodAccessorImpl.invoke(DelegatingMethodAccessorImpl.java:43)
at java.lang.reflect.Method.invoke(Method.java:498)
at org.testng.internal.MethodInvocationHelper.invokeMethod(MethodInvocationHelper.java:124)
at org.testng.internal.Invoker.invokeMethod(Invoker.java:583)
at org.testng.internal.Invoker.retryFailed(Invoker.java:839)
at org.testng.internal.Invoker.invokeTestMethods(Invoker.java:1010)
at org.testng.internal.TestMethodWorker.invokeTestMethods(TestMethodWorker.java:125)
at org.testng.internal.TestMethodWorker.run(TestMethodWorker.java:109)
at org.testng.TestRunner.privateRun(TestRunner.java:648)
at org.testng.TestRunner.run(TestRunner.java:505)
at org.testng.SuiteRunner.runTest(SuiteRunner.java:455)
at org.testng.SuiteRunner.runSequentially(SuiteRunner.java:450)
at org.testng.SuiteRunner.privateRun(SuiteRunner.java:415)
at org.testng.SuiteRunner.run(SuiteRunner.java:364)
at org.testng.SuiteRunnerWorker.runSuite(SuiteRunnerWorker.java:52)
at org.testng.SuiteRunnerWorker.run(SuiteRunnerWorker.java:84)
at org.testng.TestNG.runSuitesSequentially(TestNG.java:1208)
at org.testng.TestNG.runSuitesLocally(TestNG.java:1137)
at org.testng.TestNG.runSuites(TestNG.java:1049)
at org.testng.TestNG.run(TestNG.java:1017)
at org.apache.maven.surefire.testng.TestNGExecutor.run(TestNGExecutor.java:283)
at org.apache.maven.surefire.testng.TestNGXmlTestSuite.execute(TestNGXmlTestSuite.java:75)
at org.apache.maven.surefire.testng.TestNGProvider.invoke(TestNGProvider.java:120)
at org.apache.maven.surefire.booter.ForkedBooter.invokeProviderInSameClassLoader(ForkedBooter.java:379)
at org.apache.maven.surefire.booter.ForkedBooter.runSuitesInProcess(ForkedBooter.java:340)
at org.apache.maven.surefire.booter.ForkedBooter.execute(ForkedBooter.java:125)
at org.apache.maven.surefire.booter.ForkedBooter.main(ForkedBooter.java:413)
]]>
            </full-stacktrace>
          </exception> <!-- java.lang.AssertionError -->
          <reporter-output>
          </reporter-output>
        </test-method> <!-- loginPageWPLogoTest -->
        <test-method status="PASS" signature="signUpLinkTest()[pri:3, instance:com.gazt.testcases.LoginPageTest@68ceda24]" name="signUpLinkTest" duration-ms="67" started-at="2018-11-30T05:31:22Z" finished-at="2018-11-30T05:31:22Z">
          <reporter-output>
          </reporter-output>
        </test-method> <!-- signUpLinkTest -->
        <test-method status="PASS" signature="loginAccountHeaderTest()[pri:4, instance:com.gazt.testcases.LoginPageTest@68ceda24]" name="loginAccountHeaderTest" duration-ms="67" started-at="2018-11-30T05:31:22Z" finished-at="2018-11-30T05:31:22Z">
          <reporter-output>
          </reporter-output>
        </test-method> <!-- loginAccountHeaderTest -->
        <test-method status="PASS" signature="emailAdressTest()[pri:5, instance:com.gazt.testcases.LoginPageTest@68ceda24]" name="emailAdressTest" duration-ms="76" started-at="2018-11-30T05:31:22Z" finished-at="2018-11-30T05:31:23Z">
          <reporter-output>
          </reporter-output>
        </test-method> <!-- emailAdressTest -->
        <test-method status="PASS" signature="continueButton()[pri:6, instance:com.gazt.testcases.LoginPageTest@68ceda24]" name="continueButton" duration-ms="66" started-at="2018-11-30T05:31:23Z" finished-at="2018-11-30T05:31:23Z">
          <reporter-output>
          </reporter-output>
        </test-method> <!-- continueButton -->
        <test-method status="PASS" signature="continueGoogleButton()[pri:7, instance:com.gazt.testcases.LoginPageTest@68ceda24]" name="continueGoogleButton" duration-ms="2641" started-at="2018-11-30T05:31:23Z" finished-at="2018-11-30T05:31:25Z">
          <reporter-output>
          </reporter-output>
        </test-method> <!-- continueGoogleButton -->
        <test-method status="PASS" signature="emailMeLink()[pri:7, instance:com.gazt.testcases.LoginPageTest@68ceda24]" name="emailMeLink" duration-ms="55" started-at="2018-11-30T05:31:25Z" finished-at="2018-11-30T05:31:25Z">
          <reporter-output>
          </reporter-output>
        </test-method> <!-- emailMeLink -->
        <test-method status="PASS" signature="lostPasswordLink()[pri:8, instance:com.gazt.testcases.LoginPageTest@68ceda24]" name="lostPasswordLink" duration-ms="58" started-at="2018-11-30T05:31:25Z" finished-at="2018-11-30T05:31:25Z">
          <reporter-output>
          </reporter-output>
        </test-method> <!-- lostPasswordLink -->
        <test-method status="PASS" signature="backToHomePage()[pri:9, instance:com.gazt.testcases.LoginPageTest@68ceda24]" name="backToHomePage" duration-ms="63" started-at="2018-11-30T05:31:25Z" finished-at="2018-11-30T05:31:25Z">
          <reporter-output>
          </reporter-output>
        </test-method> <!-- backToHomePage -->
        <test-method status="PASS" signature="goBackToHomePage()[pri:10, instance:com.gazt.testcases.LoginPageTest@68ceda24]" name="goBackToHomePage" duration-ms="4302" started-at="2018-11-30T05:31:25Z" finished-at="2018-11-30T05:31:30Z">
          <reporter-output>
          </reporter-output>
        </test-method> <!-- goBackToHomePage -->
        <test-method status="PASS" signature="enterEmailAdressTest()[pri:11, instance:com.gazt.testcases.LoginPageTest@68ceda24]" name="enterEmailAdressTest" duration-ms="369" started-at="2018-11-30T05:31:30Z" finished-at="2018-11-30T05:31:30Z">
          <reporter-output>
          </reporter-output>
        </test-method> <!-- enterEmailAdressTest -->
        <test-method status="PASS" signature="clickContineButton()[pri:12, instance:com.gazt.testcases.LoginPageTest@68ceda24]" name="clickContineButton" duration-ms="306" started-at="2018-11-30T05:31:30Z" finished-at="2018-11-30T05:31:30Z">
          <reporter-output>
          </reporter-output>
        </test-method> <!-- clickContineButton -->
        <test-method status="PASS" signature="tearDown()[pri:0, instance:com.gazt.testcases.LoginPageTest@68ceda24]" name="tearDown" is-config="true" duration-ms="4304" started-at="2018-11-30T05:31:30Z" finished-at="2018-11-30T05:31:35Z">
          <reporter-output>
          </reporter-output>
        </test-method> <!-- tearDown -->
      </class> <!-- com.gazt.testcases.LoginPageTest -->
    </test> <!-- Smoke Test2 -->
  </suite> <!-- WordPress Automation Suite -->
</testng-results>
