<?xml version="1.0" encoding="UTF-8"?>
<!-- Generated by org.testng.reporters.JUnitXMLReporter -->
<testsuite hostname="DESKTOP-KHVE45V" ignored="0" name="Smoke Test2" tests="16" failures="1" timestamp="28 Nov 2018 16:12:03 GMT" time="52.098" errors="0">
  <testcase name="loginPageTitleTest" time="0.009" classname="com.gazt.testcases.LoginPageTest">
    <skipped/>
  </testcase> <!-- loginPageTitleTest -->
  <testcase name="loginPageTitleTest" time="0.01" classname="com.gazt.testcases.LoginPageTest">
    <skipped/>
  </testcase> <!-- loginPageTitleTest -->
  <testcase name="loginPageTitleTest" time="0.009" classname="com.gazt.testcases.LoginPageTest">
    <skipped/>
  </testcase> <!-- loginPageTitleTest -->
  <testcase name="loginPageTitleTest" time="0.01" classname="com.gazt.testcases.LoginPageTest">
    <failure type="java.lang.AssertionError" message="expected [Log In - WordPress.com] but found [WordPress.com]">
      <![CDATA[java.lang.AssertionError: expected [Log In - WordPress.com] but found [WordPress.com]
at com.gazt.testcases.LoginPageTest.loginPageTitleTest(LoginPageTest.java:52)
... Removed 31 stack frames]]>
    </failure>
  </testcase> <!-- loginPageTitleTest -->
  <testcase name="loginPageWPLogoTest" time="1.397" classname="com.gazt.testcases.LoginPageTest"/>
  <testcase name="signUpLinkTest" time="0.061" classname="com.gazt.testcases.LoginPageTest"/>
  <testcase name="loginAccountHeaderTest" time="0.047" classname="com.gazt.testcases.LoginPageTest"/>
  <testcase name="emailAdressTest" time="0.051" classname="com.gazt.testcases.LoginPageTest"/>
  <testcase name="continueButton" time="0.057" classname="com.gazt.testcases.LoginPageTest"/>
  <testcase name="continueGoogleButton" time="3.229" classname="com.gazt.testcases.LoginPageTest"/>
  <testcase name="emailMeLink" time="0.054" classname="com.gazt.testcases.LoginPageTest"/>
  <testcase name="lostPasswordLink" time="0.049" classname="com.gazt.testcases.LoginPageTest"/>
  <testcase name="backToHomePage" time="0.053" classname="com.gazt.testcases.LoginPageTest"/>
  <testcase name="goBackToHomePage" time="5.723" classname="com.gazt.testcases.LoginPageTest"/>
  <testcase name="enterEmailAdressTest" time="0.22" classname="com.gazt.testcases.LoginPageTest"/>
  <testcase name="clickContineButton" time="0.271" classname="com.gazt.testcases.LoginPageTest"/>
</testsuite> <!-- Smoke Test2 -->
