<?xml version="1.0" encoding="UTF-8"?>
<!-- Generated by org.testng.reporters.JUnitXMLReporter -->
<testsuite hostname="DESKTOP-KHVE45V" ignored="0" name="Smoke Test" tests="2" failures="1" timestamp="27 Nov 2018 05:55:59 GMT" time="48.782" errors="0">
  <testcase name="homePageTitleTest" time="0.025" classname="com.gazt.testcases.HomePageTest"/>
  <testcase name="loginPageTitleTest" time="0.017" classname="com.gazt.testcases.LoginPageTest">
    <failure type="java.lang.AssertionError" message="expected [Log In -- WordPress.com] but found [WordPress.com]">
      <![CDATA[java.lang.AssertionError: expected [Log In -- WordPress.com] but found [WordPress.com]
at com.gazt.testcases.LoginPageTest.loginPageTitleTest(LoginPageTest.java:49)
... Removed 31 stack frames]]>
    </failure>
  </testcase> <!-- loginPageTitleTest -->
</testsuite> <!-- Smoke Test -->
