<?xml version="1.0" encoding="UTF-8"?>
<testng-results skipped="3" failed="1" ignored="0" total="25" passed="21">
  <reporter-output>
  </reporter-output>
  <suite name="WordPress Automation Suite" duration-ms="121888" started-at="2018-11-27T18:58:55Z" finished-at="2018-11-27T19:00:56Z">
    <groups>
    </groups>
    <test name="Smoke Test1" duration-ms="88883" started-at="2018-11-27T18:58:55Z" finished-at="2018-11-27T19:00:23Z">
      <class name="com.gazt.testcases.HomePageTest">
        <test-method status="PASS" signature="setUp()[pri:0, instance:com.gazt.testcases.HomePageTest@23bb8443]" name="setUp" is-config="true" duration-ms="66949" started-at="2018-11-27T18:58:55Z" finished-at="2018-11-27T19:00:02Z">
          <reporter-output>
          </reporter-output>
        </test-method> <!-- setUp -->
        <test-method status="PASS" signature="homePageTitleTest()[pri:1, instance:com.gazt.testcases.HomePageTest@23bb8443]" name="homePageTitleTest" duration-ms="41" started-at="2018-11-27T19:00:02Z" finished-at="2018-11-27T19:00:02Z">
          <reporter-output>
          </reporter-output>
        </test-method> <!-- homePageTitleTest -->
        <test-method status="PASS" signature="wordPressLogoTest()[pri:2, instance:com.gazt.testcases.HomePageTest@23bb8443]" name="wordPressLogoTest" duration-ms="178" started-at="2018-11-27T19:00:02Z" finished-at="2018-11-27T19:00:02Z">
          <reporter-output>
          </reporter-output>
        </test-method> <!-- wordPressLogoTest -->
        <test-method status="PASS" signature="productLinkTest()[pri:3, instance:com.gazt.testcases.HomePageTest@23bb8443]" name="productLinkTest" duration-ms="53" started-at="2018-11-27T19:00:02Z" finished-at="2018-11-27T19:00:02Z">
          <reporter-output>
          </reporter-output>
        </test-method> <!-- productLinkTest -->
        <test-method status="PASS" signature="featureLinkTest()[pri:4, instance:com.gazt.testcases.HomePageTest@23bb8443]" name="featureLinkTest" duration-ms="186" started-at="2018-11-27T19:00:02Z" finished-at="2018-11-27T19:00:02Z">
          <reporter-output>
          </reporter-output>
        </test-method> <!-- featureLinkTest -->
        <test-method status="PASS" signature="resourcesLinkTest()[pri:5, instance:com.gazt.testcases.HomePageTest@23bb8443]" name="resourcesLinkTest" duration-ms="47" started-at="2018-11-27T19:00:02Z" finished-at="2018-11-27T19:00:02Z">
          <reporter-output>
          </reporter-output>
        </test-method> <!-- resourcesLinkTest -->
        <test-method status="PASS" signature="plansAndPricingTest()[pri:6, instance:com.gazt.testcases.HomePageTest@23bb8443]" name="plansAndPricingTest" duration-ms="52" started-at="2018-11-27T19:00:02Z" finished-at="2018-11-27T19:00:02Z">
          <reporter-output>
          </reporter-output>
        </test-method> <!-- plansAndPricingTest -->
        <test-method status="PASS" signature="loginLinkClick()[pri:7, instance:com.gazt.testcases.HomePageTest@23bb8443]" name="loginLinkClick" duration-ms="7874" started-at="2018-11-27T19:00:02Z" finished-at="2018-11-27T19:00:10Z">
          <reporter-output>
          </reporter-output>
        </test-method> <!-- loginLinkClick -->
        <test-method status="PASS" signature="getStartedLinkClick()[pri:8, instance:com.gazt.testcases.HomePageTest@23bb8443]" name="getStartedLinkClick" duration-ms="4449" started-at="2018-11-27T19:00:10Z" finished-at="2018-11-27T19:00:15Z">
          <reporter-output>
          </reporter-output>
        </test-method> <!-- getStartedLinkClick -->
        <test-method status="PASS" signature="startYourWebsiteButtonClick()[pri:9, instance:com.gazt.testcases.HomePageTest@23bb8443]" name="startYourWebsiteButtonClick" duration-ms="3741" started-at="2018-11-27T19:00:15Z" finished-at="2018-11-27T19:00:18Z">
          <reporter-output>
          </reporter-output>
        </test-method> <!-- startYourWebsiteButtonClick -->
        <test-method status="PASS" signature="tearDown()[pri:0, instance:com.gazt.testcases.HomePageTest@23bb8443]" name="tearDown" is-config="true" duration-ms="5224" started-at="2018-11-27T19:00:18Z" finished-at="2018-11-27T19:00:23Z">
          <reporter-output>
          </reporter-output>
        </test-method> <!-- tearDown -->
      </class> <!-- com.gazt.testcases.HomePageTest -->
    </test> <!-- Smoke Test1 -->
    <test name="Smoke Test2" duration-ms="32176" started-at="2018-11-27T19:00:24Z" finished-at="2018-11-27T19:00:56Z">
      <class name="com.gazt.testcases.LoginPageTest">
        <test-method status="PASS" signature="setUp()[pri:0, instance:com.gazt.testcases.LoginPageTest@797badd3]" name="setUp" is-config="true" duration-ms="21355" started-at="2018-11-27T19:00:24Z" finished-at="2018-11-27T19:00:46Z">
          <reporter-output>
          </reporter-output>
        </test-method> <!-- setUp -->
        <test-method status="SKIP" signature="loginPageTitleTest()[pri:1, instance:com.gazt.testcases.LoginPageTest@797badd3]" name="loginPageTitleTest" duration-ms="13" started-at="2018-11-27T19:00:46Z" finished-at="2018-11-27T19:00:46Z">
          <exception class="java.lang.AssertionError">
            <message>
              <![CDATA[expected [Log In - WordPress.com] but found [WordPress.com]]]>
            </message>
            <full-stacktrace>
              <![CDATA[java.lang.AssertionError: expected [Log In - WordPress.com] but found [WordPress.com]
at org.testng.Assert.fail(Assert.java:96)
at org.testng.Assert.failNotEquals(Assert.java:776)
at org.testng.Assert.assertEqualsImpl(Assert.java:137)
at org.testng.Assert.assertEquals(Assert.java:118)
at org.testng.Assert.assertEquals(Assert.java:453)
at org.testng.Assert.assertEquals(Assert.java:463)
at com.gazt.testcases.LoginPageTest.loginPageTitleTest(LoginPageTest.java:52)
at sun.reflect.NativeMethodAccessorImpl.invoke0(Native Method)
at sun.reflect.NativeMethodAccessorImpl.invoke(Unknown Source)
at sun.reflect.DelegatingMethodAccessorImpl.invoke(Unknown Source)
at java.lang.reflect.Method.invoke(Unknown Source)
at org.testng.internal.MethodInvocationHelper.invokeMethod(MethodInvocationHelper.java:124)
at org.testng.internal.Invoker.invokeMethod(Invoker.java:583)
at org.testng.internal.Invoker.invokeTestMethod(Invoker.java:719)
at org.testng.internal.Invoker.invokeTestMethods(Invoker.java:989)
at org.testng.internal.TestMethodWorker.invokeTestMethods(TestMethodWorker.java:125)
at org.testng.internal.TestMethodWorker.run(TestMethodWorker.java:109)
at org.testng.TestRunner.privateRun(TestRunner.java:648)
at org.testng.TestRunner.run(TestRunner.java:505)
at org.testng.SuiteRunner.runTest(SuiteRunner.java:455)
at org.testng.SuiteRunner.runSequentially(SuiteRunner.java:450)
at org.testng.SuiteRunner.privateRun(SuiteRunner.java:415)
at org.testng.SuiteRunner.run(SuiteRunner.java:364)
at org.testng.SuiteRunnerWorker.runSuite(SuiteRunnerWorker.java:52)
at org.testng.SuiteRunnerWorker.run(SuiteRunnerWorker.java:84)
at org.testng.TestNG.runSuitesSequentially(TestNG.java:1208)
at org.testng.TestNG.runSuitesLocally(TestNG.java:1137)
at org.testng.TestNG.runSuites(TestNG.java:1049)
at org.testng.TestNG.run(TestNG.java:1017)
at org.testng.remote.AbstractRemoteTestNG.run(AbstractRemoteTestNG.java:114)
at org.testng.remote.RemoteTestNG.initAndRun(RemoteTestNG.java:251)
at org.testng.remote.RemoteTestNG.main(RemoteTestNG.java:77)
]]>
            </full-stacktrace>
          </exception> <!-- java.lang.AssertionError -->
          <reporter-output>
          </reporter-output>
        </test-method> <!-- loginPageTitleTest -->
        <test-method status="SKIP" signature="loginPageTitleTest()[pri:1, instance:com.gazt.testcases.LoginPageTest@797badd3]" name="loginPageTitleTest" duration-ms="27" started-at="2018-11-27T19:00:46Z" finished-at="2018-11-27T19:00:46Z">
          <exception class="java.lang.AssertionError">
            <message>
              <![CDATA[expected [Log In - WordPress.com] but found [WordPress.com]]]>
            </message>
            <full-stacktrace>
              <![CDATA[java.lang.AssertionError: expected [Log In - WordPress.com] but found [WordPress.com]
at org.testng.Assert.fail(Assert.java:96)
at org.testng.Assert.failNotEquals(Assert.java:776)
at org.testng.Assert.assertEqualsImpl(Assert.java:137)
at org.testng.Assert.assertEquals(Assert.java:118)
at org.testng.Assert.assertEquals(Assert.java:453)
at org.testng.Assert.assertEquals(Assert.java:463)
at com.gazt.testcases.LoginPageTest.loginPageTitleTest(LoginPageTest.java:52)
at sun.reflect.NativeMethodAccessorImpl.invoke0(Native Method)
at sun.reflect.NativeMethodAccessorImpl.invoke(Unknown Source)
at sun.reflect.DelegatingMethodAccessorImpl.invoke(Unknown Source)
at java.lang.reflect.Method.invoke(Unknown Source)
at org.testng.internal.MethodInvocationHelper.invokeMethod(MethodInvocationHelper.java:124)
at org.testng.internal.Invoker.invokeMethod(Invoker.java:583)
at org.testng.internal.Invoker.retryFailed(Invoker.java:839)
at org.testng.internal.Invoker.invokeTestMethods(Invoker.java:1010)
at org.testng.internal.TestMethodWorker.invokeTestMethods(TestMethodWorker.java:125)
at org.testng.internal.TestMethodWorker.run(TestMethodWorker.java:109)
at org.testng.TestRunner.privateRun(TestRunner.java:648)
at org.testng.TestRunner.run(TestRunner.java:505)
at org.testng.SuiteRunner.runTest(SuiteRunner.java:455)
at org.testng.SuiteRunner.runSequentially(SuiteRunner.java:450)
at org.testng.SuiteRunner.privateRun(SuiteRunner.java:415)
at org.testng.SuiteRunner.run(SuiteRunner.java:364)
at org.testng.SuiteRunnerWorker.runSuite(SuiteRunnerWorker.java:52)
at org.testng.SuiteRunnerWorker.run(SuiteRunnerWorker.java:84)
at org.testng.TestNG.runSuitesSequentially(TestNG.java:1208)
at org.testng.TestNG.runSuitesLocally(TestNG.java:1137)
at org.testng.TestNG.runSuites(TestNG.java:1049)
at org.testng.TestNG.run(TestNG.java:1017)
at org.testng.remote.AbstractRemoteTestNG.run(AbstractRemoteTestNG.java:114)
at org.testng.remote.RemoteTestNG.initAndRun(RemoteTestNG.java:251)
at org.testng.remote.RemoteTestNG.main(RemoteTestNG.java:77)
]]>
            </full-stacktrace>
          </exception> <!-- java.lang.AssertionError -->
          <reporter-output>
          </reporter-output>
        </test-method> <!-- loginPageTitleTest -->
        <test-method status="SKIP" signature="loginPageTitleTest()[pri:1, instance:com.gazt.testcases.LoginPageTest@797badd3]" name="loginPageTitleTest" duration-ms="10" started-at="2018-11-27T19:00:46Z" finished-at="2018-11-27T19:00:46Z">
          <exception class="java.lang.AssertionError">
            <message>
              <![CDATA[expected [Log In - WordPress.com] but found [WordPress.com]]]>
            </message>
            <full-stacktrace>
              <![CDATA[java.lang.AssertionError: expected [Log In - WordPress.com] but found [WordPress.com]
at org.testng.Assert.fail(Assert.java:96)
at org.testng.Assert.failNotEquals(Assert.java:776)
at org.testng.Assert.assertEqualsImpl(Assert.java:137)
at org.testng.Assert.assertEquals(Assert.java:118)
at org.testng.Assert.assertEquals(Assert.java:453)
at org.testng.Assert.assertEquals(Assert.java:463)
at com.gazt.testcases.LoginPageTest.loginPageTitleTest(LoginPageTest.java:52)
at sun.reflect.NativeMethodAccessorImpl.invoke0(Native Method)
at sun.reflect.NativeMethodAccessorImpl.invoke(Unknown Source)
at sun.reflect.DelegatingMethodAccessorImpl.invoke(Unknown Source)
at java.lang.reflect.Method.invoke(Unknown Source)
at org.testng.internal.MethodInvocationHelper.invokeMethod(MethodInvocationHelper.java:124)
at org.testng.internal.Invoker.invokeMethod(Invoker.java:583)
at org.testng.internal.Invoker.retryFailed(Invoker.java:839)
at org.testng.internal.Invoker.invokeTestMethods(Invoker.java:1010)
at org.testng.internal.TestMethodWorker.invokeTestMethods(TestMethodWorker.java:125)
at org.testng.internal.TestMethodWorker.run(TestMethodWorker.java:109)
at org.testng.TestRunner.privateRun(TestRunner.java:648)
at org.testng.TestRunner.run(TestRunner.java:505)
at org.testng.SuiteRunner.runTest(SuiteRunner.java:455)
at org.testng.SuiteRunner.runSequentially(SuiteRunner.java:450)
at org.testng.SuiteRunner.privateRun(SuiteRunner.java:415)
at org.testng.SuiteRunner.run(SuiteRunner.java:364)
at org.testng.SuiteRunnerWorker.runSuite(SuiteRunnerWorker.java:52)
at org.testng.SuiteRunnerWorker.run(SuiteRunnerWorker.java:84)
at org.testng.TestNG.runSuitesSequentially(TestNG.java:1208)
at org.testng.TestNG.runSuitesLocally(TestNG.java:1137)
at org.testng.TestNG.runSuites(TestNG.java:1049)
at org.testng.TestNG.run(TestNG.java:1017)
at org.testng.remote.AbstractRemoteTestNG.run(AbstractRemoteTestNG.java:114)
at org.testng.remote.RemoteTestNG.initAndRun(RemoteTestNG.java:251)
at org.testng.remote.RemoteTestNG.main(RemoteTestNG.java:77)
]]>
            </full-stacktrace>
          </exception> <!-- java.lang.AssertionError -->
          <reporter-output>
          </reporter-output>
        </test-method> <!-- loginPageTitleTest -->
        <test-method status="FAIL" signature="loginPageTitleTest()[pri:1, instance:com.gazt.testcases.LoginPageTest@797badd3]" name="loginPageTitleTest" duration-ms="8" started-at="2018-11-27T19:00:46Z" finished-at="2018-11-27T19:00:46Z">
          <exception class="java.lang.AssertionError">
            <message>
              <![CDATA[expected [Log In - WordPress.com] but found [WordPress.com]]]>
            </message>
            <full-stacktrace>
              <![CDATA[java.lang.AssertionError: expected [Log In - WordPress.com] but found [WordPress.com]
at org.testng.Assert.fail(Assert.java:96)
at org.testng.Assert.failNotEquals(Assert.java:776)
at org.testng.Assert.assertEqualsImpl(Assert.java:137)
at org.testng.Assert.assertEquals(Assert.java:118)
at org.testng.Assert.assertEquals(Assert.java:453)
at org.testng.Assert.assertEquals(Assert.java:463)
at com.gazt.testcases.LoginPageTest.loginPageTitleTest(LoginPageTest.java:52)
at sun.reflect.NativeMethodAccessorImpl.invoke0(Native Method)
at sun.reflect.NativeMethodAccessorImpl.invoke(Unknown Source)
at sun.reflect.DelegatingMethodAccessorImpl.invoke(Unknown Source)
at java.lang.reflect.Method.invoke(Unknown Source)
at org.testng.internal.MethodInvocationHelper.invokeMethod(MethodInvocationHelper.java:124)
at org.testng.internal.Invoker.invokeMethod(Invoker.java:583)
at org.testng.internal.Invoker.retryFailed(Invoker.java:839)
at org.testng.internal.Invoker.invokeTestMethods(Invoker.java:1010)
at org.testng.internal.TestMethodWorker.invokeTestMethods(TestMethodWorker.java:125)
at org.testng.internal.TestMethodWorker.run(TestMethodWorker.java:109)
at org.testng.TestRunner.privateRun(TestRunner.java:648)
at org.testng.TestRunner.run(TestRunner.java:505)
at org.testng.SuiteRunner.runTest(SuiteRunner.java:455)
at org.testng.SuiteRunner.runSequentially(SuiteRunner.java:450)
at org.testng.SuiteRunner.privateRun(SuiteRunner.java:415)
at org.testng.SuiteRunner.run(SuiteRunner.java:364)
at org.testng.SuiteRunnerWorker.runSuite(SuiteRunnerWorker.java:52)
at org.testng.SuiteRunnerWorker.run(SuiteRunnerWorker.java:84)
at org.testng.TestNG.runSuitesSequentially(TestNG.java:1208)
at org.testng.TestNG.runSuitesLocally(TestNG.java:1137)
at org.testng.TestNG.runSuites(TestNG.java:1049)
at org.testng.TestNG.run(TestNG.java:1017)
at org.testng.remote.AbstractRemoteTestNG.run(AbstractRemoteTestNG.java:114)
at org.testng.remote.RemoteTestNG.initAndRun(RemoteTestNG.java:251)
at org.testng.remote.RemoteTestNG.main(RemoteTestNG.java:77)
]]>
            </full-stacktrace>
          </exception> <!-- java.lang.AssertionError -->
          <reporter-output>
          </reporter-output>
        </test-method> <!-- loginPageTitleTest -->
        <test-method status="PASS" signature="loginPageWPLogoTest()[pri:2, instance:com.gazt.testcases.LoginPageTest@797badd3]" name="loginPageWPLogoTest" duration-ms="1245" started-at="2018-11-27T19:00:46Z" finished-at="2018-11-27T19:00:47Z">
          <reporter-output>
          </reporter-output>
        </test-method> <!-- loginPageWPLogoTest -->
        <test-method status="PASS" signature="signUpLinkTest()[pri:3, instance:com.gazt.testcases.LoginPageTest@797badd3]" name="signUpLinkTest" duration-ms="58" started-at="2018-11-27T19:00:47Z" finished-at="2018-11-27T19:00:47Z">
          <reporter-output>
          </reporter-output>
        </test-method> <!-- signUpLinkTest -->
        <test-method status="PASS" signature="loginAccountHeaderTest()[pri:4, instance:com.gazt.testcases.LoginPageTest@797badd3]" name="loginAccountHeaderTest" duration-ms="51" started-at="2018-11-27T19:00:47Z" finished-at="2018-11-27T19:00:47Z">
          <reporter-output>
          </reporter-output>
        </test-method> <!-- loginAccountHeaderTest -->
        <test-method status="PASS" signature="emailAdressTest()[pri:5, instance:com.gazt.testcases.LoginPageTest@797badd3]" name="emailAdressTest" duration-ms="48" started-at="2018-11-27T19:00:47Z" finished-at="2018-11-27T19:00:47Z">
          <reporter-output>
          </reporter-output>
        </test-method> <!-- emailAdressTest -->
        <test-method status="PASS" signature="continueButton()[pri:6, instance:com.gazt.testcases.LoginPageTest@797badd3]" name="continueButton" duration-ms="101" started-at="2018-11-27T19:00:47Z" finished-at="2018-11-27T19:00:47Z">
          <reporter-output>
          </reporter-output>
        </test-method> <!-- continueButton -->
        <test-method status="PASS" signature="continueGoogleButton()[pri:7, instance:com.gazt.testcases.LoginPageTest@797badd3]" name="continueGoogleButton" duration-ms="831" started-at="2018-11-27T19:00:47Z" finished-at="2018-11-27T19:00:48Z">
          <reporter-output>
          </reporter-output>
        </test-method> <!-- continueGoogleButton -->
        <test-method status="PASS" signature="emailMeLink()[pri:7, instance:com.gazt.testcases.LoginPageTest@797badd3]" name="emailMeLink" duration-ms="45" started-at="2018-11-27T19:00:48Z" finished-at="2018-11-27T19:00:48Z">
          <reporter-output>
          </reporter-output>
        </test-method> <!-- emailMeLink -->
        <test-method status="PASS" signature="lostPasswordLink()[pri:8, instance:com.gazt.testcases.LoginPageTest@797badd3]" name="lostPasswordLink" duration-ms="46" started-at="2018-11-27T19:00:48Z" finished-at="2018-11-27T19:00:48Z">
          <reporter-output>
          </reporter-output>
        </test-method> <!-- lostPasswordLink -->
        <test-method status="PASS" signature="backToHomePage()[pri:9, instance:com.gazt.testcases.LoginPageTest@797badd3]" name="backToHomePage" duration-ms="55" started-at="2018-11-27T19:00:48Z" finished-at="2018-11-27T19:00:48Z">
          <reporter-output>
          </reporter-output>
        </test-method> <!-- backToHomePage -->
        <test-method status="PASS" signature="goBackToHomePage()[pri:10, instance:com.gazt.testcases.LoginPageTest@797badd3]" name="goBackToHomePage" duration-ms="3511" started-at="2018-11-27T19:00:48Z" finished-at="2018-11-27T19:00:52Z">
          <reporter-output>
          </reporter-output>
        </test-method> <!-- goBackToHomePage -->
        <test-method status="PASS" signature="enterEmailAdressTest()[pri:11, instance:com.gazt.testcases.LoginPageTest@797badd3]" name="enterEmailAdressTest" duration-ms="381" started-at="2018-11-27T19:00:52Z" finished-at="2018-11-27T19:00:52Z">
          <reporter-output>
          </reporter-output>
        </test-method> <!-- enterEmailAdressTest -->
        <test-method status="PASS" signature="clickContineButton()[pri:12, instance:com.gazt.testcases.LoginPageTest@797badd3]" name="clickContineButton" duration-ms="667" started-at="2018-11-27T19:00:52Z" finished-at="2018-11-27T19:00:53Z">
          <reporter-output>
          </reporter-output>
        </test-method> <!-- clickContineButton -->
        <test-method status="PASS" signature="tearDown()[pri:0, instance:com.gazt.testcases.LoginPageTest@797badd3]" name="tearDown" is-config="true" duration-ms="3589" started-at="2018-11-27T19:00:53Z" finished-at="2018-11-27T19:00:56Z">
          <reporter-output>
          </reporter-output>
        </test-method> <!-- tearDown -->
      </class> <!-- com.gazt.testcases.LoginPageTest -->
    </test> <!-- Smoke Test2 -->
  </suite> <!-- WordPress Automation Suite -->
</testng-results>
