<?xml version="1.0" encoding="UTF-8"?>
<!-- Generated by org.testng.reporters.JUnitXMLReporter -->
<testsuite hostname="DESKTOP-KHVE45V" ignored="0" name="Smoke Test2" tests="19" failures="2" timestamp="30 Nov 2018 05:31:35 GMT" time="36.906" errors="0">
  <testcase name="loginPageTitleTest" time="0.009" classname="com.gazt.testcases.LoginPageTest">
    <skipped/>
  </testcase> <!-- loginPageTitleTest -->
  <testcase name="loginPageTitleTest" time="0.008" classname="com.gazt.testcases.LoginPageTest">
    <skipped/>
  </testcase> <!-- loginPageTitleTest -->
  <testcase name="loginPageTitleTest" time="0.009" classname="com.gazt.testcases.LoginPageTest">
    <skipped/>
  </testcase> <!-- loginPageTitleTest -->
  <testcase name="loginPageTitleTest" time="0.008" classname="com.gazt.testcases.LoginPageTest">
    <failure type="java.lang.AssertionError" message="The following asserts failed:
	expected [Log In - WordPress.com] but found [WordPress.com],
	expected [Log In - WordPress.com] but found [WordPress.com],
	expected [Log In - WordPress.com] but found [WordPress.com],
	expected [Log In - WordPress.com] but found [WordPress.com]">
      <![CDATA[java.lang.AssertionError: The following asserts failed:
expected [Log In - WordPress.com] but found [WordPress.com],
expected [Log In - WordPress.com] but found [WordPress.com],
expected [Log In - WordPress.com] but found [WordPress.com],
expected [Log In - WordPress.com] but found [WordPress.com]
at com.gazt.testcases.LoginPageTest.loginPageTitleTest(LoginPageTest.java:56)
... Removed 30 stack frames]]>
    </failure>
  </testcase> <!-- loginPageTitleTest -->
  <testcase name="loginPageWPLogoTest" time="1.687" classname="com.gazt.testcases.LoginPageTest">
    <skipped/>
  </testcase> <!-- loginPageWPLogoTest -->
  <testcase name="loginPageWPLogoTest" time="0.126" classname="com.gazt.testcases.LoginPageTest">
    <skipped/>
  </testcase> <!-- loginPageWPLogoTest -->
  <testcase name="loginPageWPLogoTest" time="0.061" classname="com.gazt.testcases.LoginPageTest">
    <skipped/>
  </testcase> <!-- loginPageWPLogoTest -->
  <testcase name="loginPageWPLogoTest" time="0.069" classname="com.gazt.testcases.LoginPageTest">
    <failure type="java.lang.AssertionError" message="The following asserts failed:
	expected [Log In - WordPress.com] but found [WordPress.com],
	expected [Log In - WordPress.com] but found [WordPress.com],
	expected [Log In - WordPress.com] but found [WordPress.com],
	expected [Log In - WordPress.com] but found [WordPress.com]">
      <![CDATA[java.lang.AssertionError: The following asserts failed:
expected [Log In - WordPress.com] but found [WordPress.com],
expected [Log In - WordPress.com] but found [WordPress.com],
expected [Log In - WordPress.com] but found [WordPress.com],
expected [Log In - WordPress.com] but found [WordPress.com]
at com.gazt.testcases.LoginPageTest.loginPageWPLogoTest(LoginPageTest.java:65)
... Removed 30 stack frames]]>
    </failure>
  </testcase> <!-- loginPageWPLogoTest -->
  <testcase name="signUpLinkTest" time="0.067" classname="com.gazt.testcases.LoginPageTest"/>
  <testcase name="loginAccountHeaderTest" time="0.067" classname="com.gazt.testcases.LoginPageTest"/>
  <testcase name="emailAdressTest" time="0.076" classname="com.gazt.testcases.LoginPageTest"/>
  <testcase name="continueButton" time="0.066" classname="com.gazt.testcases.LoginPageTest"/>
  <testcase name="continueGoogleButton" time="2.641" classname="com.gazt.testcases.LoginPageTest"/>
  <testcase name="emailMeLink" time="0.055" classname="com.gazt.testcases.LoginPageTest"/>
  <testcase name="lostPasswordLink" time="0.058" classname="com.gazt.testcases.LoginPageTest"/>
  <testcase name="backToHomePage" time="0.063" classname="com.gazt.testcases.LoginPageTest"/>
  <testcase name="goBackToHomePage" time="4.302" classname="com.gazt.testcases.LoginPageTest"/>
  <testcase name="enterEmailAdressTest" time="0.369" classname="com.gazt.testcases.LoginPageTest"/>
  <testcase name="clickContineButton" time="0.306" classname="com.gazt.testcases.LoginPageTest"/>
</testsuite> <!-- Smoke Test2 -->
