<?xml version="1.0" encoding="UTF-8"?>
<!-- Generated by org.testng.reporters.JUnitReportReporter -->
<testsuite skipped="6" hostname="DESKTOP-KHVE45V" name="com.gazt.testcases.LoginPageTest" tests="19" failures="2" timestamp="30 Nov 2018 05:31:35 GMT" time="10.047" errors="0">
  <testcase name="loginPageTitleTest" time="0.008" classname="com.gazt.testcases.LoginPageTest">
    <failure type="java.lang.AssertionError" message="The following asserts failed:
	expected [Log In - WordPress.com] but found [WordPress.com],
	expected [Log In - WordPress.com] but found [WordPress.com],
	expected [Log In - WordPress.com] but found [WordPress.com],
	expected [Log In - WordPress.com] but found [WordPress.com]">
      <![CDATA[java.lang.AssertionError: The following asserts failed:
expected [Log In - WordPress.com] but found [WordPress.com],
expected [Log In - WordPress.com] but found [WordPress.com],
expected [Log In - WordPress.com] but found [WordPress.com],
expected [Log In - WordPress.com] but found [WordPress.com]
at org.testng.asserts.SoftAssert.assertAll(SoftAssert.java:43)
at com.gazt.testcases.LoginPageTest.loginPageTitleTest(LoginPageTest.java:56)
at sun.reflect.NativeMethodAccessorImpl.invoke0(Native Method)
at sun.reflect.NativeMethodAccessorImpl.invoke(NativeMethodAccessorImpl.java:62)
at sun.reflect.DelegatingMethodAccessorImpl.invoke(DelegatingMethodAccessorImpl.java:43)
at java.lang.reflect.Method.invoke(Method.java:498)
at org.testng.internal.MethodInvocationHelper.invokeMethod(MethodInvocationHelper.java:124)
at org.testng.internal.Invoker.invokeMethod(Invoker.java:583)
at org.testng.internal.Invoker.retryFailed(Invoker.java:839)
at org.testng.internal.Invoker.invokeTestMethods(Invoker.java:1010)
at org.testng.internal.TestMethodWorker.invokeTestMethods(TestMethodWorker.java:125)
at org.testng.internal.TestMethodWorker.run(TestMethodWorker.java:109)
at org.testng.TestRunner.privateRun(TestRunner.java:648)
at org.testng.TestRunner.run(TestRunner.java:505)
at org.testng.SuiteRunner.runTest(SuiteRunner.java:455)
at org.testng.SuiteRunner.runSequentially(SuiteRunner.java:450)
at org.testng.SuiteRunner.privateRun(SuiteRunner.java:415)
at org.testng.SuiteRunner.run(SuiteRunner.java:364)
at org.testng.SuiteRunnerWorker.runSuite(SuiteRunnerWorker.java:52)
at org.testng.SuiteRunnerWorker.run(SuiteRunnerWorker.java:84)
at org.testng.TestNG.runSuitesSequentially(TestNG.java:1208)
at org.testng.TestNG.runSuitesLocally(TestNG.java:1137)
at org.testng.TestNG.runSuites(TestNG.java:1049)
at org.testng.TestNG.run(TestNG.java:1017)
at org.apache.maven.surefire.testng.TestNGExecutor.run(TestNGExecutor.java:283)
at org.apache.maven.surefire.testng.TestNGXmlTestSuite.execute(TestNGXmlTestSuite.java:75)
at org.apache.maven.surefire.testng.TestNGProvider.invoke(TestNGProvider.java:120)
at org.apache.maven.surefire.booter.ForkedBooter.invokeProviderInSameClassLoader(ForkedBooter.java:379)
at org.apache.maven.surefire.booter.ForkedBooter.runSuitesInProcess(ForkedBooter.java:340)
at org.apache.maven.surefire.booter.ForkedBooter.execute(ForkedBooter.java:125)
at org.apache.maven.surefire.booter.ForkedBooter.main(ForkedBooter.java:413)
]]>
    </failure>
  </testcase> <!-- loginPageTitleTest -->
  <testcase name="loginPageTitleTest" time="0.008" classname="com.gazt.testcases.LoginPageTest">
    <skipped/>
  </testcase> <!-- loginPageTitleTest -->
  <testcase name="loginPageTitleTest" time="0.009" classname="com.gazt.testcases.LoginPageTest">
    <skipped/>
  </testcase> <!-- loginPageTitleTest -->
  <testcase name="loginPageTitleTest" time="0.009" classname="com.gazt.testcases.LoginPageTest">
    <skipped/>
  </testcase> <!-- loginPageTitleTest -->
  <testcase name="loginPageWPLogoTest" time="0.061" classname="com.gazt.testcases.LoginPageTest">
    <skipped/>
  </testcase> <!-- loginPageWPLogoTest -->
  <testcase name="loginPageWPLogoTest" time="0.126" classname="com.gazt.testcases.LoginPageTest">
    <skipped/>
  </testcase> <!-- loginPageWPLogoTest -->
  <testcase name="loginPageWPLogoTest" time="1.687" classname="com.gazt.testcases.LoginPageTest">
    <skipped/>
  </testcase> <!-- loginPageWPLogoTest -->
  <testcase name="loginPageWPLogoTest" time="0.069" classname="com.gazt.testcases.LoginPageTest">
    <failure type="java.lang.AssertionError" message="The following asserts failed:
	expected [Log In - WordPress.com] but found [WordPress.com],
	expected [Log In - WordPress.com] but found [WordPress.com],
	expected [Log In - WordPress.com] but found [WordPress.com],
	expected [Log In - WordPress.com] but found [WordPress.com]">
      <![CDATA[java.lang.AssertionError: The following asserts failed:
expected [Log In - WordPress.com] but found [WordPress.com],
expected [Log In - WordPress.com] but found [WordPress.com],
expected [Log In - WordPress.com] but found [WordPress.com],
expected [Log In - WordPress.com] but found [WordPress.com]
at org.testng.asserts.SoftAssert.assertAll(SoftAssert.java:43)
at com.gazt.testcases.LoginPageTest.loginPageWPLogoTest(LoginPageTest.java:65)
at sun.reflect.NativeMethodAccessorImpl.invoke0(Native Method)
at sun.reflect.NativeMethodAccessorImpl.invoke(NativeMethodAccessorImpl.java:62)
at sun.reflect.DelegatingMethodAccessorImpl.invoke(DelegatingMethodAccessorImpl.java:43)
at java.lang.reflect.Method.invoke(Method.java:498)
at org.testng.internal.MethodInvocationHelper.invokeMethod(MethodInvocationHelper.java:124)
at org.testng.internal.Invoker.invokeMethod(Invoker.java:583)
at org.testng.internal.Invoker.retryFailed(Invoker.java:839)
at org.testng.internal.Invoker.invokeTestMethods(Invoker.java:1010)
at org.testng.internal.TestMethodWorker.invokeTestMethods(TestMethodWorker.java:125)
at org.testng.internal.TestMethodWorker.run(TestMethodWorker.java:109)
at org.testng.TestRunner.privateRun(TestRunner.java:648)
at org.testng.TestRunner.run(TestRunner.java:505)
at org.testng.SuiteRunner.runTest(SuiteRunner.java:455)
at org.testng.SuiteRunner.runSequentially(SuiteRunner.java:450)
at org.testng.SuiteRunner.privateRun(SuiteRunner.java:415)
at org.testng.SuiteRunner.run(SuiteRunner.java:364)
at org.testng.SuiteRunnerWorker.runSuite(SuiteRunnerWorker.java:52)
at org.testng.SuiteRunnerWorker.run(SuiteRunnerWorker.java:84)
at org.testng.TestNG.runSuitesSequentially(TestNG.java:1208)
at org.testng.TestNG.runSuitesLocally(TestNG.java:1137)
at org.testng.TestNG.runSuites(TestNG.java:1049)
at org.testng.TestNG.run(TestNG.java:1017)
at org.apache.maven.surefire.testng.TestNGExecutor.run(TestNGExecutor.java:283)
at org.apache.maven.surefire.testng.TestNGXmlTestSuite.execute(TestNGXmlTestSuite.java:75)
at org.apache.maven.surefire.testng.TestNGProvider.invoke(TestNGProvider.java:120)
at org.apache.maven.surefire.booter.ForkedBooter.invokeProviderInSameClassLoader(ForkedBooter.java:379)
at org.apache.maven.surefire.booter.ForkedBooter.runSuitesInProcess(ForkedBooter.java:340)
at org.apache.maven.surefire.booter.ForkedBooter.execute(ForkedBooter.java:125)
at org.apache.maven.surefire.booter.ForkedBooter.main(ForkedBooter.java:413)
]]>
    </failure>
  </testcase> <!-- loginPageWPLogoTest -->
  <testcase name="signUpLinkTest" time="0.067" classname="com.gazt.testcases.LoginPageTest"/>
  <testcase name="loginAccountHeaderTest" time="0.067" classname="com.gazt.testcases.LoginPageTest"/>
  <testcase name="emailAdressTest" time="0.076" classname="com.gazt.testcases.LoginPageTest"/>
  <testcase name="continueButton" time="0.066" classname="com.gazt.testcases.LoginPageTest"/>
  <testcase name="emailMeLink" time="0.055" classname="com.gazt.testcases.LoginPageTest"/>
  <testcase name="continueGoogleButton" time="2.641" classname="com.gazt.testcases.LoginPageTest"/>
  <testcase name="lostPasswordLink" time="0.058" classname="com.gazt.testcases.LoginPageTest"/>
  <testcase name="backToHomePage" time="0.063" classname="com.gazt.testcases.LoginPageTest"/>
  <testcase name="goBackToHomePage" time="4.302" classname="com.gazt.testcases.LoginPageTest"/>
  <testcase name="enterEmailAdressTest" time="0.369" classname="com.gazt.testcases.LoginPageTest"/>
  <testcase name="clickContineButton" time="0.306" classname="com.gazt.testcases.LoginPageTest"/>
</testsuite> <!-- com.gazt.testcases.LoginPageTest -->
